This file contains any messages produced by compilers while
running configure, to aid debugging if configure makes a mistake.

It was created by Linberry OpenSync Plugin configure 0.2, which was
generated by GNU Autoconf 2.61.  Invocation command line was

  $ ./configure --prefix=/usr/local --enable-boost --enable-gui --enable-opensync-plugin --cache-file=/dev/null --srcdir=.

## --------- ##
## Platform. ##
## --------- ##

hostname = puntoazulk
uname -m = i686
uname -r = 2.6.35-23-generic
uname -s = Linux
uname -v = #37-Ubuntu SMP Fri Nov 5 19:17:11 UTC 2010

/usr/bin/uname -p = unknown
/bin/uname -X     = unknown

/bin/arch              = unknown
/usr/bin/arch -k       = unknown
/usr/convex/getsysinfo = unknown
/usr/bin/hostinfo      = unknown
/bin/machine           = unknown
/usr/bin/oslevel       = unknown
/bin/universe          = unknown

PATH: /usr/local/sbin
PATH: /usr/local/bin
PATH: /usr/sbin
PATH: /usr/bin
PATH: /sbin
PATH: /bin
PATH: /usr/games
PATH: /opt/real/RealPlayer


## ----------- ##
## Core tests. ##
## ----------- ##

configure:2006: checking for a BSD-compatible install
configure:2062: result: /usr/bin/install -c
configure:2073: checking whether build environment is sane
configure:2116: result: yes
configure:2181: checking for gawk
configure:2197: found /usr/bin/gawk
configure:2208: result: gawk
configure:2219: checking whether make sets $(MAKE)
configure:2240: result: yes
configure:2475: checking for pkg-config
configure:2493: found /usr/bin/pkg-config
configure:2505: result: /usr/bin/pkg-config
configure:2534: checking pkg-config is at least version 0.9.0
configure:2537: result: yes
configure:2548: checking for PACKAGE
configure:2556: $PKG_CONFIG --exists --print-errors "$pkg_modules"
Package opensync-1.0 was not found in the pkg-config search path.
Perhaps you should add the directory containing `opensync-1.0.pc'
to the PKG_CONFIG_PATH environment variable
No package 'opensync-1.0' found
configure:2559: $? = 1
configure:2574: $PKG_CONFIG --exists --print-errors "$pkg_modules"
Package opensync-1.0 was not found in the pkg-config search path.
Perhaps you should add the directory containing `opensync-1.0.pc'
to the PKG_CONFIG_PATH environment variable
No package 'opensync-1.0' found
configure:2577: $? = 1
No package 'opensync-1.0' found
configure:2615: error: Package requirements (opensync-1.0 glib-2.0) were not met:

No package 'opensync-1.0' found

Consider adjusting the PKG_CONFIG_PATH environment variable if you
installed software in a non-standard prefix.

Alternatively, you may set the environment variables PACKAGE_CFLAGS
and PACKAGE_LIBS to avoid the need to call pkg-config.
See the pkg-config man page for more details.


## ---------------- ##
## Cache variables. ##
## ---------------- ##

ac_cv_env_LINBERRY_CFLAGS_set=
ac_cv_env_LINBERRY_CFLAGS_value=
ac_cv_env_LINBERRY_LIBS_set=
ac_cv_env_LINBERRY_LIBS_value=
ac_cv_env_CCC_set=
ac_cv_env_CCC_value=
ac_cv_env_CC_set=
ac_cv_env_CC_value=
ac_cv_env_CFLAGS_set=
ac_cv_env_CFLAGS_value=
ac_cv_env_CPPFLAGS_set=
ac_cv_env_CPPFLAGS_value=
ac_cv_env_CPP_set=
ac_cv_env_CPP_value=
ac_cv_env_CXXCPP_set=
ac_cv_env_CXXCPP_value=
ac_cv_env_CXXFLAGS_set=
ac_cv_env_CXXFLAGS_value=
ac_cv_env_CXX_set=
ac_cv_env_CXX_value=
ac_cv_env_F77_set=
ac_cv_env_F77_value=
ac_cv_env_FFLAGS_set=
ac_cv_env_FFLAGS_value=
ac_cv_env_LDFLAGS_set=
ac_cv_env_LDFLAGS_value=
ac_cv_env_LIBS_set=
ac_cv_env_LIBS_value=
ac_cv_env_PACKAGE_CFLAGS_set=
ac_cv_env_PACKAGE_CFLAGS_value=
ac_cv_env_PACKAGE_LIBS_set=
ac_cv_env_PACKAGE_LIBS_value=
ac_cv_env_PKG_CONFIG_set=
ac_cv_env_PKG_CONFIG_value=
ac_cv_env_build_alias_set=
ac_cv_env_build_alias_value=
ac_cv_env_host_alias_set=
ac_cv_env_host_alias_value=
ac_cv_env_target_alias_set=
ac_cv_env_target_alias_value=
ac_cv_path_ac_pt_PKG_CONFIG=/usr/bin/pkg-config
ac_cv_path_install='/usr/bin/install -c'
ac_cv_prog_AWK=gawk
ac_cv_prog_make_make_set=yes

## ----------------- ##
## Output variables. ##
## ----------------- ##

ACLOCAL='${SHELL} /home/israel/Descargas/linberry-0.16/missing --run aclocal-1.9'
AMDEPBACKSLASH=''
AMDEP_FALSE=''
AMDEP_TRUE=''
AMTAR='${SHELL} /home/israel/Descargas/linberry-0.16/missing --run tar'
AR=''
AUTOCONF='${SHELL} /home/israel/Descargas/linberry-0.16/missing --run autoconf'
AUTOHEADER='${SHELL} /home/israel/Descargas/linberry-0.16/missing --run autoheader'
AUTOMAKE='${SHELL} /home/israel/Descargas/linberry-0.16/missing --run automake-1.9'
AWK='gawk'
LINBERRY_CFLAGS=''
LINBERRY_LIBS=''
CC=''
CCDEPMODE=''
CFLAGS=''
CPP=''
CPPFLAGS=''
CXX=''
CXXCPP=''
CXXDEPMODE=''
CXXFLAGS=''
CYGPATH_W='echo'
DEFS=''
DEPDIR=''
DSYMUTIL=''
ECHO='echo'
ECHO_C=''
ECHO_N='-n'
ECHO_T=''
EGREP=''
EXEEXT=''
F77=''
FFLAGS=''
GREP=''
INSTALL_DATA='${INSTALL} -m 644'
INSTALL_PROGRAM='${INSTALL}'
INSTALL_SCRIPT='${INSTALL}'
INSTALL_STRIP_PROGRAM='${SHELL} $(install_sh) -c -s'
LDFLAGS=''
LIBOBJS=''
LIBS=''
LIBTOOL=''
LN_S=''
LTLIBOBJS=''
MAKEINFO='${SHELL} /home/israel/Descargas/linberry-0.16/missing --run makeinfo'
NMEDIT=''
OBJEXT=''
OPENSYNC_CONFIGDIR=''
OPENSYNC_FORMATSDIR=''
OPENSYNC_HEADERDIR=''
OPENSYNC_PLUGINDIR=''
PACKAGE='linberryplugin'
PACKAGE_BUGREPORT=''
PACKAGE_CFLAGS=''
PACKAGE_LIBS=''
PACKAGE_NAME='Linberry OpenSync Plugin'
PACKAGE_STRING='Linberry OpenSync Plugin 0.2'
PACKAGE_TARNAME='linberryplugin'
PACKAGE_VERSION='0.2'
PATH_SEPARATOR=':'
PKG_CONFIG='/usr/bin/pkg-config'
RANLIB=''
SED=''
SET_MAKE=''
SHELL='/bin/bash'
STRIP=''
TREE_BUILD_CXXFLAGS='-I/home/israel/Descargas/linberry-0.16'
TREE_BUILD_LDFLAGS='-L/home/israel/Descargas/linberry-0.16/src'
VERSION='0.2'
WITH_GCCVISIBILITY_FALSE=''
WITH_GCCVISIBILITY_TRUE=''
ac_ct_CC=''
ac_ct_CXX=''
ac_ct_F77=''
am__fastdepCC_FALSE=''
am__fastdepCC_TRUE=''
am__fastdepCXX_FALSE=''
am__fastdepCXX_TRUE=''
am__include=''
am__leading_dot='.'
am__quote=''
am__tar='${AMTAR} chof - "$$tardir"'
am__untar='${AMTAR} xf -'
bindir='${exec_prefix}/bin'
build=''
build_alias=''
build_cpu=''
build_os=''
build_vendor=''
datadir='${datarootdir}'
datarootdir='${prefix}/share'
docdir='${datarootdir}/doc/${PACKAGE_TARNAME}'
dvidir='${docdir}'
exec_prefix='NONE'
host=''
host_alias=''
host_cpu=''
host_os=''
host_vendor=''
htmldir='${docdir}'
includedir='${prefix}/include'
infodir='${datarootdir}/info'
install_sh='/home/israel/Descargas/linberry-0.16/install-sh'
libdir='${exec_prefix}/lib'
libexecdir='${exec_prefix}/libexec'
localedir='${datarootdir}/locale'
localstatedir='${prefix}/var'
mandir='${datarootdir}/man'
mkdir_p='mkdir -p --'
oldincludedir='/usr/include'
pdfdir='${docdir}'
prefix='/usr/local'
program_transform_name='s,x,x,'
psdir='${docdir}'
sbindir='${exec_prefix}/sbin'
sharedstatedir='${prefix}/com'
sysconfdir='${prefix}/etc'
target_alias=''

## ----------- ##
## confdefs.h. ##
## ----------- ##

#define PACKAGE_NAME "Linberry OpenSync Plugin"
#define PACKAGE_TARNAME "linberryplugin"
#define PACKAGE_VERSION "0.2"
#define PACKAGE_STRING "Linberry OpenSync Plugin 0.2"
#define PACKAGE_BUGREPORT ""
#define PACKAGE "linberryplugin"
#define VERSION "0.2"

configure: exit 1
