This file contains any messages produced by compilers while
running configure, to aid debugging if configure makes a mistake.

It was created by linberry-backup configure 0.1, which was
generated by GNU Autoconf 2.68.  Invocation command line was

  $ ./configure --disable-option-checking --prefix=/usr/local --enable-gui --cache-file=/dev/null --srcdir=.

## --------- ##
## Platform. ##
## --------- ##

hostname = puntoazul
uname -m = i686
uname -r = 3.2.0-25-generic-pae
uname -s = Linux
uname -v = #40-Ubuntu SMP Wed May 23 22:11:24 UTC 2012

/usr/bin/uname -p = unknown
/bin/uname -X     = unknown

/bin/arch              = unknown
/usr/bin/arch -k       = unknown
/usr/convex/getsysinfo = unknown
/usr/bin/hostinfo      = unknown
/bin/machine           = unknown
/usr/bin/oslevel       = unknown
/bin/universe          = unknown

PATH: /usr/lib/lightdm/lightdm
PATH: /usr/local/sbin
PATH: /usr/local/bin
PATH: /usr/sbin
PATH: /usr/bin
PATH: /sbin
PATH: /bin
PATH: /usr/games


## ----------- ##
## Core tests. ##
## ----------- ##

configure:2545: checking for a BSD-compatible install
configure:2613: result: /usr/bin/install -c
configure:2624: checking whether build environment is sane
configure:2674: result: yes
configure:2815: checking for a thread-safe mkdir -p
configure:2854: result: /bin/mkdir -p
configure:2867: checking for gawk
configure:2883: found /usr/bin/gawk
configure:2894: result: gawk
configure:2905: checking whether make sets $(MAKE)
configure:2927: result: yes
configure:3057: checking for gcc
configure:3073: found /usr/bin/gcc
configure:3084: result: gcc
configure:3313: checking for C compiler version
configure:3322: gcc --version >&5
gcc (Ubuntu/Linaro 4.6.3-1ubuntu5) 4.6.3
Copyright (C) 2011 Free Software Foundation, Inc.
This is free software; see the source for copying conditions.  There is NO
warranty; not even for MERCHANTABILITY or FITNESS FOR A PARTICULAR PURPOSE.

configure:3333: $? = 0
configure:3322: gcc -v >&5
Using built-in specs.
COLLECT_GCC=gcc
COLLECT_LTO_WRAPPER=/usr/lib/gcc/i686-linux-gnu/4.6/lto-wrapper
Target: i686-linux-gnu
Configured with: ../src/configure -v --with-pkgversion='Ubuntu/Linaro 4.6.3-1ubuntu5' --with-bugurl=file:///usr/share/doc/gcc-4.6/README.Bugs --enable-languages=c,c++,fortran,objc,obj-c++ --prefix=/usr --program-suffix=-4.6 --enable-shared --enable-linker-build-id --with-system-zlib --libexecdir=/usr/lib --without-included-gettext --enable-threads=posix --with-gxx-include-dir=/usr/include/c++/4.6 --libdir=/usr/lib --enable-nls --with-sysroot=/ --enable-clocale=gnu --enable-libstdcxx-debug --enable-libstdcxx-time=yes --enable-gnu-unique-object --enable-plugin --enable-objc-gc --enable-targets=all --disable-werror --with-arch-32=i686 --with-tune=generic --enable-checking=release --build=i686-linux-gnu --host=i686-linux-gnu --target=i686-linux-gnu
Thread model: posix
gcc version 4.6.3 (Ubuntu/Linaro 4.6.3-1ubuntu5) 
configure:3333: $? = 0
configure:3322: gcc -V >&5
gcc: error: unrecognized option '-V'
gcc: fatal error: no input files
compilation terminated.
configure:3333: $? = 4
configure:3322: gcc -qversion >&5
gcc: error: unrecognized option '-qversion'
gcc: fatal error: no input files
compilation terminated.
configure:3333: $? = 4
configure:3353: checking whether the C compiler works
configure:3375: gcc    conftest.c  >&5
configure:3379: $? = 0
configure:3427: result: yes
configure:3430: checking for C compiler default output file name
configure:3432: result: a.out
configure:3438: checking for suffix of executables
configure:3445: gcc -o conftest    conftest.c  >&5
configure:3449: $? = 0
configure:3471: result: 
configure:3493: checking whether we are cross compiling
configure:3501: gcc -o conftest    conftest.c  >&5
configure:3505: $? = 0
configure:3512: ./conftest
configure:3516: $? = 0
configure:3531: result: no
configure:3536: checking for suffix of object files
configure:3558: gcc -c   conftest.c >&5
configure:3562: $? = 0
configure:3583: result: o
configure:3587: checking whether we are using the GNU C compiler
configure:3606: gcc -c   conftest.c >&5
configure:3606: $? = 0
configure:3615: result: yes
configure:3624: checking whether gcc accepts -g
configure:3644: gcc -c -g  conftest.c >&5
configure:3644: $? = 0
configure:3685: result: yes
configure:3702: checking for gcc option to accept ISO C89
configure:3766: gcc  -c -g -O2  conftest.c >&5
configure:3766: $? = 0
configure:3779: result: none needed
configure:3810: checking for style of include used by make
configure:3838: result: GNU
configure:3864: checking dependency style of gcc
configure:3975: result: gcc3
configure:4048: checking for g++
configure:4064: found /usr/bin/g++
configure:4075: result: g++
configure:4102: checking for C++ compiler version
configure:4111: g++ --version >&5
g++ (Ubuntu/Linaro 4.6.3-1ubuntu5) 4.6.3
Copyright (C) 2011 Free Software Foundation, Inc.
This is free software; see the source for copying conditions.  There is NO
warranty; not even for MERCHANTABILITY or FITNESS FOR A PARTICULAR PURPOSE.

configure:4122: $? = 0
configure:4111: g++ -v >&5
Using built-in specs.
COLLECT_GCC=g++
COLLECT_LTO_WRAPPER=/usr/lib/gcc/i686-linux-gnu/4.6/lto-wrapper
Target: i686-linux-gnu
Configured with: ../src/configure -v --with-pkgversion='Ubuntu/Linaro 4.6.3-1ubuntu5' --with-bugurl=file:///usr/share/doc/gcc-4.6/README.Bugs --enable-languages=c,c++,fortran,objc,obj-c++ --prefix=/usr --program-suffix=-4.6 --enable-shared --enable-linker-build-id --with-system-zlib --libexecdir=/usr/lib --without-included-gettext --enable-threads=posix --with-gxx-include-dir=/usr/include/c++/4.6 --libdir=/usr/lib --enable-nls --with-sysroot=/ --enable-clocale=gnu --enable-libstdcxx-debug --enable-libstdcxx-time=yes --enable-gnu-unique-object --enable-plugin --enable-objc-gc --enable-targets=all --disable-werror --with-arch-32=i686 --with-tune=generic --enable-checking=release --build=i686-linux-gnu --host=i686-linux-gnu --target=i686-linux-gnu
Thread model: posix
gcc version 4.6.3 (Ubuntu/Linaro 4.6.3-1ubuntu5) 
configure:4122: $? = 0
configure:4111: g++ -V >&5
g++: error: unrecognized option '-V'
g++: fatal error: no input files
compilation terminated.
configure:4122: $? = 4
configure:4111: g++ -qversion >&5
g++: error: unrecognized option '-qversion'
g++: fatal error: no input files
compilation terminated.
configure:4122: $? = 4
configure:4126: checking whether we are using the GNU C++ compiler
configure:4145: g++ -c   conftest.cpp >&5
configure:4145: $? = 0
configure:4154: result: yes
configure:4163: checking whether g++ accepts -g
configure:4183: g++ -c -g  conftest.cpp >&5
configure:4183: $? = 0
configure:4224: result: yes
configure:4249: checking dependency style of g++
configure:4360: result: gcc3
configure:4375: checking whether make sets $(MAKE)
configure:4397: result: yes
configure:4435: checking build system type
configure:4449: result: i686-pc-linux-gnu
configure:4469: checking host system type
configure:4482: result: i686-pc-linux-gnu
configure:4523: checking how to print strings
configure:4550: result: printf
configure:4571: checking for a sed that does not truncate output
configure:4635: result: /bin/sed
configure:4653: checking for grep that handles long lines and -e
configure:4711: result: /bin/grep
configure:4716: checking for egrep
configure:4778: result: /bin/grep -E
configure:4783: checking for fgrep
configure:4845: result: /bin/grep -F
configure:4880: checking for ld used by gcc
configure:4947: result: /usr/bin/ld
configure:4954: checking if the linker (/usr/bin/ld) is GNU ld
configure:4969: result: yes
configure:4981: checking for BSD- or MS-compatible name lister (nm)
configure:5030: result: /usr/bin/nm -B
configure:5160: checking the name lister (/usr/bin/nm -B) interface
configure:5167: gcc -c -g -O2  conftest.c >&5
configure:5170: /usr/bin/nm -B "conftest.o"
configure:5173: output
00000000 B some_variable
configure:5180: result: BSD nm
configure:5183: checking whether ln -s works
configure:5187: result: yes
configure:5195: checking the maximum length of command line arguments
configure:5325: result: 1572864
configure:5342: checking whether the shell understands some XSI constructs
configure:5352: result: yes
configure:5356: checking whether the shell understands "+="
configure:5362: result: yes
configure:5397: checking how to convert i686-pc-linux-gnu file names to i686-pc-linux-gnu format
configure:5437: result: func_convert_file_noop
configure:5444: checking how to convert i686-pc-linux-gnu file names to toolchain format
configure:5464: result: func_convert_file_noop
configure:5471: checking for /usr/bin/ld option to reload object files
configure:5478: result: -r
configure:5552: checking for objdump
configure:5568: found /usr/bin/objdump
configure:5579: result: objdump
configure:5611: checking how to recognize dependent libraries
configure:5813: result: pass_all
configure:5898: checking for dlltool
configure:5928: result: no
configure:5958: checking how to associate runtime and link libraries
configure:5985: result: printf %s\n
configure:6046: checking for ar
configure:6062: found /usr/bin/ar
configure:6073: result: ar
configure:6110: checking for archiver @FILE support
configure:6127: gcc -c -g -O2  conftest.c >&5
configure:6127: $? = 0
configure:6130: ar cru libconftest.a @conftest.lst >&5
configure:6133: $? = 0
configure:6138: ar cru libconftest.a @conftest.lst >&5
ar: conftest.o: No such file or directory
configure:6141: $? = 1
configure:6153: result: @
configure:6211: checking for strip
configure:6227: found /usr/bin/strip
configure:6238: result: strip
configure:6310: checking for ranlib
configure:6326: found /usr/bin/ranlib
configure:6337: result: ranlib
configure:6439: checking command to parse /usr/bin/nm -B output from gcc object
configure:6559: gcc -c -g -O2  conftest.c >&5
configure:6562: $? = 0
configure:6566: /usr/bin/nm -B conftest.o \| sed -n -e 's/^.*[ ]\([ABCDGIRSTW][ABCDGIRSTW]*\)[ ][ ]*\([_A-Za-z][_A-Za-z0-9]*\)$/\1 \2 \2/p' | sed '/ __gnu_lto/d' \> conftest.nm
configure:6569: $? = 0
configure:6635: gcc -o conftest -g -O2   conftest.c conftstm.o >&5
configure:6638: $? = 0
configure:6676: result: ok
configure:6713: checking for sysroot
configure:6743: result: no
configure:6999: checking for mt
configure:7015: found /bin/mt
configure:7026: result: mt
configure:7049: checking if mt is a manifest tool
configure:7055: mt '-?'
configure:7063: result: no
configure:7705: checking how to run the C preprocessor
configure:7736: gcc -E  conftest.c
configure:7736: $? = 0
configure:7750: gcc -E  conftest.c
conftest.c:11:28: fatal error: ac_nonexistent.h: No such file or directory
compilation terminated.
configure:7750: $? = 1
configure: failed program was:
| /* confdefs.h */
| #define PACKAGE_NAME "linberry-backup"
| #define PACKAGE_TARNAME "linberry-backup"
| #define PACKAGE_VERSION "0.1"
| #define PACKAGE_STRING "linberry-backup 0.1"
| #define PACKAGE_BUGREPORT "linberry-devel@lists.sourceforge.net"
| #define PACKAGE_URL ""
| #define PACKAGE "linberry-backup"
| #define VERSION "0.1"
| /* end confdefs.h.  */
| #include <ac_nonexistent.h>
configure:7775: result: gcc -E
configure:7795: gcc -E  conftest.c
configure:7795: $? = 0
configure:7809: gcc -E  conftest.c
conftest.c:11:28: fatal error: ac_nonexistent.h: No such file or directory
compilation terminated.
configure:7809: $? = 1
configure: failed program was:
| /* confdefs.h */
| #define PACKAGE_NAME "linberry-backup"
| #define PACKAGE_TARNAME "linberry-backup"
| #define PACKAGE_VERSION "0.1"
| #define PACKAGE_STRING "linberry-backup 0.1"
| #define PACKAGE_BUGREPORT "linberry-devel@lists.sourceforge.net"
| #define PACKAGE_URL ""
| #define PACKAGE "linberry-backup"
| #define VERSION "0.1"
| /* end confdefs.h.  */
| #include <ac_nonexistent.h>
configure:7838: checking for ANSI C header files
configure:7858: gcc -c -g -O2  conftest.c >&5
configure:7858: $? = 0
configure:7931: gcc -o conftest -g -O2   conftest.c  >&5
configure:7931: $? = 0
configure:7931: ./conftest
configure:7931: $? = 0
configure:7942: result: yes
configure:7955: checking for sys/types.h
configure:7955: gcc -c -g -O2  conftest.c >&5
configure:7955: $? = 0
configure:7955: result: yes
configure:7955: checking for sys/stat.h
configure:7955: gcc -c -g -O2  conftest.c >&5
configure:7955: $? = 0
configure:7955: result: yes
configure:7955: checking for stdlib.h
configure:7955: gcc -c -g -O2  conftest.c >&5
configure:7955: $? = 0
configure:7955: result: yes
configure:7955: checking for string.h
configure:7955: gcc -c -g -O2  conftest.c >&5
configure:7955: $? = 0
configure:7955: result: yes
configure:7955: checking for memory.h
configure:7955: gcc -c -g -O2  conftest.c >&5
configure:7955: $? = 0
configure:7955: result: yes
configure:7955: checking for strings.h
configure:7955: gcc -c -g -O2  conftest.c >&5
configure:7955: $? = 0
configure:7955: result: yes
configure:7955: checking for inttypes.h
configure:7955: gcc -c -g -O2  conftest.c >&5
configure:7955: $? = 0
configure:7955: result: yes
configure:7955: checking for stdint.h
configure:7955: gcc -c -g -O2  conftest.c >&5
configure:7955: $? = 0
configure:7955: result: yes
configure:7955: checking for unistd.h
configure:7955: gcc -c -g -O2  conftest.c >&5
configure:7955: $? = 0
configure:7955: result: yes
configure:7969: checking for dlfcn.h
configure:7969: gcc -c -g -O2  conftest.c >&5
configure:7969: $? = 0
configure:7969: result: yes
configure:8186: checking for objdir
configure:8201: result: .libs
configure:8472: checking if gcc supports -fno-rtti -fno-exceptions
configure:8490: gcc -c -g -O2  -fno-rtti -fno-exceptions conftest.c >&5
cc1: warning: command line option '-fno-rtti' is valid for C++/ObjC++ but not for C [enabled by default]
configure:8494: $? = 0
configure:8507: result: no
configure:8834: checking for gcc option to produce PIC
configure:8841: result: -fPIC -DPIC
configure:8849: checking if gcc PIC flag -fPIC -DPIC works
configure:8867: gcc -c -g -O2  -fPIC -DPIC -DPIC conftest.c >&5
configure:8871: $? = 0
configure:8884: result: yes
configure:8913: checking if gcc static flag -static works
configure:8941: result: yes
configure:8956: checking if gcc supports -c -o file.o
configure:8977: gcc -c -g -O2  -o out/conftest2.o conftest.c >&5
configure:8981: $? = 0
configure:9003: result: yes
configure:9011: checking if gcc supports -c -o file.o
configure:9058: result: yes
configure:9091: checking whether the gcc linker (/usr/bin/ld) supports shared libraries
configure:10248: result: yes
configure:10285: checking whether -lc should be explicitly linked in
configure:10293: gcc -c -g -O2  conftest.c >&5
configure:10296: $? = 0
configure:10311: gcc -shared  -fPIC -DPIC conftest.o  -v -Wl,-soname -Wl,conftest -o conftest 2\>\&1 \| /bin/grep  -lc  \>/dev/null 2\>\&1
configure:10314: $? = 0
configure:10328: result: no
configure:10488: checking dynamic linker characteristics
configure:10999: gcc -o conftest -g -O2   -Wl,-rpath -Wl,/foo conftest.c  >&5
configure:10999: $? = 0
configure:11233: result: GNU/Linux ld.so
configure:11340: checking how to hardcode library paths into programs
configure:11365: result: immediate
configure:11905: checking whether stripping libraries is possible
configure:11910: result: yes
configure:11945: checking if libtool supports shared libraries
configure:11947: result: yes
configure:11950: checking whether to build shared libraries
configure:11971: result: yes
configure:11974: checking whether to build static libraries
configure:11978: result: yes
configure:12001: checking how to run the C++ preprocessor
configure:12028: g++ -E  conftest.cpp
configure:12028: $? = 0
configure:12042: g++ -E  conftest.cpp
conftest.cpp:23:28: fatal error: ac_nonexistent.h: No such file or directory
compilation terminated.
configure:12042: $? = 1
configure: failed program was:
| /* confdefs.h */
| #define PACKAGE_NAME "linberry-backup"
| #define PACKAGE_TARNAME "linberry-backup"
| #define PACKAGE_VERSION "0.1"
| #define PACKAGE_STRING "linberry-backup 0.1"
| #define PACKAGE_BUGREPORT "linberry-devel@lists.sourceforge.net"
| #define PACKAGE_URL ""
| #define PACKAGE "linberry-backup"
| #define VERSION "0.1"
| #define STDC_HEADERS 1
| #define HAVE_SYS_TYPES_H 1
| #define HAVE_SYS_STAT_H 1
| #define HAVE_STDLIB_H 1
| #define HAVE_STRING_H 1
| #define HAVE_MEMORY_H 1
| #define HAVE_STRINGS_H 1
| #define HAVE_INTTYPES_H 1
| #define HAVE_STDINT_H 1
| #define HAVE_UNISTD_H 1
| #define HAVE_DLFCN_H 1
| #define LT_OBJDIR ".libs/"
| /* end confdefs.h.  */
| #include <ac_nonexistent.h>
configure:12067: result: g++ -E
configure:12087: g++ -E  conftest.cpp
configure:12087: $? = 0
configure:12101: g++ -E  conftest.cpp
conftest.cpp:23:28: fatal error: ac_nonexistent.h: No such file or directory
compilation terminated.
configure:12101: $? = 1
configure: failed program was:
| /* confdefs.h */
| #define PACKAGE_NAME "linberry-backup"
| #define PACKAGE_TARNAME "linberry-backup"
| #define PACKAGE_VERSION "0.1"
| #define PACKAGE_STRING "linberry-backup 0.1"
| #define PACKAGE_BUGREPORT "linberry-devel@lists.sourceforge.net"
| #define PACKAGE_URL ""
| #define PACKAGE "linberry-backup"
| #define VERSION "0.1"
| #define STDC_HEADERS 1
| #define HAVE_SYS_TYPES_H 1
| #define HAVE_SYS_STAT_H 1
| #define HAVE_STDLIB_H 1
| #define HAVE_STRING_H 1
| #define HAVE_MEMORY_H 1
| #define HAVE_STRINGS_H 1
| #define HAVE_INTTYPES_H 1
| #define HAVE_STDINT_H 1
| #define HAVE_UNISTD_H 1
| #define HAVE_DLFCN_H 1
| #define LT_OBJDIR ".libs/"
| /* end confdefs.h.  */
| #include <ac_nonexistent.h>
configure:12270: checking for ld used by g++
configure:12337: result: /usr/bin/ld
configure:12344: checking if the linker (/usr/bin/ld) is GNU ld
configure:12359: result: yes
configure:12414: checking whether the g++ linker (/usr/bin/ld) supports shared libraries
configure:13419: result: yes
configure:13455: g++ -c -g -O2  conftest.cpp >&5
configure:13458: $? = 0
configure:13978: checking for g++ option to produce PIC
configure:13985: result: -fPIC -DPIC
configure:13993: checking if g++ PIC flag -fPIC -DPIC works
configure:14011: g++ -c -g -O2  -fPIC -DPIC -DPIC conftest.cpp >&5
configure:14015: $? = 0
configure:14028: result: yes
configure:14051: checking if g++ static flag -static works
configure:14079: result: yes
configure:14091: checking if g++ supports -c -o file.o
configure:14112: g++ -c -g -O2  -o out/conftest2.o conftest.cpp >&5
configure:14116: $? = 0
configure:14138: result: yes
configure:14143: checking if g++ supports -c -o file.o
configure:14190: result: yes
configure:14220: checking whether the g++ linker (/usr/bin/ld) supports shared libraries
configure:14259: result: yes
configure:14400: checking dynamic linker characteristics
configure:15079: result: GNU/Linux ld.so
configure:15132: checking how to hardcode library paths into programs
configure:15157: result: immediate
configure:15308: checking for pkg-config
configure:15326: found /usr/bin/pkg-config
configure:15338: result: /usr/bin/pkg-config
configure:15363: checking pkg-config is at least version 0.9.0
configure:15366: result: yes
configure:15376: checking for LINBERRY
configure:15383: $PKG_CONFIG --exists --print-errors "liblinberry-0 libusb"
configure:15386: $? = 0
configure:15400: $PKG_CONFIG --exists --print-errors "liblinberry-0 libusb"
configure:15403: $? = 0
configure:15461: result: yes
configure:15467: checking for GTKMM
configure:15474: $PKG_CONFIG --exists --print-errors "gtkmm-2.4 libglademm-2.4 gthread-2.0"
configure:15477: $? = 0
configure:15491: $PKG_CONFIG --exists --print-errors "gtkmm-2.4 libglademm-2.4 gthread-2.0"
configure:15494: $? = 0
configure:15552: result: yes
configure:15569: checking for main in -lpthread
configure:15588: g++ -o conftest -g -O2   conftest.cpp -lpthread   >&5
configure:15588: $? = 0
configure:15597: result: yes
configure:15614: checking for dirent.h that defines DIR
configure:15633: g++ -c -g -O2  conftest.cpp >&5
configure:15633: $? = 0
configure:15641: result: yes
configure:15654: checking for library containing opendir
configure:15685: g++ -o conftest -g -O2   conftest.cpp -lpthread  >&5
configure:15685: $? = 0
configure:15702: result: none required
configure:15770: checking for ANSI C header files
configure:15874: result: yes
configure:15885: checking assert.h usability
configure:15885: g++ -c -g -O2  conftest.cpp >&5
configure:15885: $? = 0
configure:15885: result: yes
configure:15885: checking assert.h presence
configure:15885: g++ -E  conftest.cpp
configure:15885: $? = 0
configure:15885: result: yes
configure:15885: checking for assert.h
configure:15885: result: yes
configure:15885: checking for stdint.h
configure:15885: result: yes
configure:15885: checking time.h usability
configure:15885: g++ -c -g -O2  conftest.cpp >&5
configure:15885: $? = 0
configure:15885: result: yes
configure:15885: checking time.h presence
configure:15885: g++ -E  conftest.cpp
configure:15885: $? = 0
configure:15885: result: yes
configure:15885: checking for time.h
configure:15885: result: yes
configure:15898: checking whether time.h and sys/time.h may both be included
configure:15918: g++ -c -g -O2  conftest.cpp >&5
configure:15918: $? = 0
configure:15925: result: yes
configure:15933: checking whether struct tm is in sys/time.h or time.h
configure:15953: g++ -c -g -O2  conftest.cpp >&5
configure:15953: $? = 0
configure:15960: result: time.h
configure:15970: checking whether closedir returns void
configure:15994: g++ -o conftest -g -O2   conftest.cpp -lpthread  >&5
configure:15994: $? = 0
configure:15994: ./conftest
configure:15994: $? = 0
configure:16004: result: no
configure:16013: checking whether gcc needs -traditional
configure:16047: result: no
configure:16056: checking for stdlib.h
configure:16056: result: yes
configure:16066: checking for GNU libc compatible malloc
configure:16090: g++ -o conftest -g -O2   conftest.cpp -lpthread  >&5
configure:16090: $? = 0
configure:16090: ./conftest
configure:16090: $? = 0
configure:16100: result: yes
configure:16127: checking for sys/time.h
configure:16127: g++ -c -g -O2  conftest.cpp >&5
configure:16127: $? = 0
configure:16127: result: yes
configure:16127: checking for unistd.h
configure:16127: result: yes
configure:16148: checking for alarm
configure:16148: g++ -o conftest -g -O2   conftest.cpp -lpthread  >&5
configure:16148: $? = 0
configure:16148: result: yes
configure:16161: checking for working mktime
configure:16363: g++ -o conftest -g -O2   conftest.cpp -lpthread  >&5
configure:16363: $? = 0
configure:16363: ./conftest
configure:16363: $? = 0
configure:16373: result: yes
configure:16386: checking for stdlib.h
configure:16386: result: yes
configure:16396: checking for GNU libc compatible realloc
configure:16420: g++ -o conftest -g -O2   conftest.cpp -lpthread  >&5
configure:16420: $? = 0
configure:16420: ./conftest
configure:16420: $? = 0
configure:16430: result: yes
configure:16454: checking sys/select.h usability
configure:16454: g++ -c -g -O2  conftest.cpp >&5
configure:16454: $? = 0
configure:16454: result: yes
configure:16454: checking sys/select.h presence
configure:16454: g++ -E  conftest.cpp
configure:16454: $? = 0
configure:16454: result: yes
configure:16454: checking for sys/select.h
configure:16454: result: yes
configure:16454: checking sys/socket.h usability
configure:16454: g++ -c -g -O2  conftest.cpp >&5
configure:16454: $? = 0
configure:16454: result: yes
configure:16454: checking sys/socket.h presence
configure:16454: g++ -E  conftest.cpp
configure:16454: $? = 0
configure:16454: result: yes
configure:16454: checking for sys/socket.h
configure:16454: result: yes
configure:16464: checking types of arguments for select
configure:16492: g++ -c -g -O2  conftest.cpp >&5
configure:16492: $? = 0
configure:16503: result: int,fd_set *,struct timeval *
configure:16526: checking whether lstat correctly handles trailing slash
configure:16552: g++ -o conftest -g -O2   conftest.cpp -lpthread  >&5
configure:16552: $? = 0
configure:16552: ./conftest
configure:16552: $? = 0
configure:16569: result: yes
configure:16588: checking whether stat accepts an empty string
configure:16608: g++ -o conftest -g -O2   conftest.cpp -lpthread  >&5
configure:16608: $? = 0
configure:16608: ./conftest
configure:16608: $? = 0
configure:16618: result: no
configure:16637: checking for bzero
configure:16637: g++ -o conftest -g -O2   conftest.cpp -lpthread  >&5
configure:16637: $? = 0
configure:16637: result: yes
configure:16637: checking for gettimeofday
configure:16637: g++ -o conftest -g -O2   conftest.cpp -lpthread  >&5
configure:16637: $? = 0
configure:16637: result: yes
configure:16637: checking for memset
configure:16637: g++ -o conftest -g -O2   conftest.cpp -lpthread  >&5
configure:16637: $? = 0
configure:16637: result: yes
configure:16637: checking for select
configure:16637: g++ -o conftest -g -O2   conftest.cpp -lpthread  >&5
configure:16637: $? = 0
configure:16637: result: yes
configure:16637: checking for strcasecmp
configure:16637: g++ -o conftest -g -O2   conftest.cpp -lpthread  >&5
configure:16637: $? = 0
configure:16637: result: yes
configure:16637: checking for strchr
configure:16637: g++ -o conftest -g -O2   conftest.cpp -lpthread  >&5
configure:16637: $? = 0
configure:16637: result: yes
configure:16637: checking for strerror
configure:16637: g++ -o conftest -g -O2   conftest.cpp -lpthread  >&5
configure:16637: $? = 0
configure:16637: result: yes
configure:16637: checking for strtol
configure:16637: g++ -o conftest -g -O2   conftest.cpp -lpthread  >&5
configure:16637: $? = 0
configure:16637: result: yes
configure:16637: checking for strtoul
configure:16637: g++ -o conftest -g -O2   conftest.cpp -lpthread  >&5
configure:16637: $? = 0
configure:16637: result: yes
configure:16783: creating ./config.status

## ---------------------- ##
## Running config.status. ##
## ---------------------- ##

This file was extended by linberry-backup config.status 0.1, which was
generated by GNU Autoconf 2.68.  Invocation command line was

  CONFIG_FILES    = 
  CONFIG_HEADERS  = 
  CONFIG_LINKS    = 
  CONFIG_COMMANDS = 
  $ ./config.status 

on puntoazul

config.status:1204: creating Makefile
config.status:1204: creating src/Makefile
config.status:1204: creating man/Makefile
config.status:1204: creating config.h
config.status:1385: config.h is unchanged
config.status:1433: executing depfiles commands
config.status:1433: executing libtool commands

## ---------------- ##
## Cache variables. ##
## ---------------- ##

ac_cv_build=i686-pc-linux-gnu
ac_cv_c_compiler_gnu=yes
ac_cv_cxx_compiler_gnu=yes
ac_cv_env_CCC_set=
ac_cv_env_CCC_value=
ac_cv_env_CC_set=
ac_cv_env_CC_value=
ac_cv_env_CFLAGS_set=
ac_cv_env_CFLAGS_value=
ac_cv_env_CPPFLAGS_set=
ac_cv_env_CPPFLAGS_value=
ac_cv_env_CPP_set=
ac_cv_env_CPP_value=
ac_cv_env_CXXCPP_set=
ac_cv_env_CXXCPP_value=
ac_cv_env_CXXFLAGS_set=
ac_cv_env_CXXFLAGS_value=
ac_cv_env_CXX_set=
ac_cv_env_CXX_value=
ac_cv_env_GTKMM_CFLAGS_set=
ac_cv_env_GTKMM_CFLAGS_value=
ac_cv_env_GTKMM_LIBS_set=
ac_cv_env_GTKMM_LIBS_value=
ac_cv_env_LDFLAGS_set=
ac_cv_env_LDFLAGS_value=
ac_cv_env_LIBS_set=
ac_cv_env_LIBS_value=
ac_cv_env_LINBERRY_CFLAGS_set=
ac_cv_env_LINBERRY_CFLAGS_value=
ac_cv_env_LINBERRY_LIBS_set=
ac_cv_env_LINBERRY_LIBS_value=
ac_cv_env_PKG_CONFIG_LIBDIR_set=
ac_cv_env_PKG_CONFIG_LIBDIR_value=
ac_cv_env_PKG_CONFIG_PATH_set=set
ac_cv_env_PKG_CONFIG_PATH_value=/home/israel/Descargas/linberry/Source/linberrylibs:
ac_cv_env_PKG_CONFIG_set=
ac_cv_env_PKG_CONFIG_value=
ac_cv_env_build_alias_set=
ac_cv_env_build_alias_value=
ac_cv_env_host_alias_set=
ac_cv_env_host_alias_value=
ac_cv_env_target_alias_set=
ac_cv_env_target_alias_value=
ac_cv_func_alarm=yes
ac_cv_func_bzero=yes
ac_cv_func_closedir_void=no
ac_cv_func_gettimeofday=yes
ac_cv_func_lstat_dereferences_slashed_symlink=yes
ac_cv_func_malloc_0_nonnull=yes
ac_cv_func_memset=yes
ac_cv_func_realloc_0_nonnull=yes
ac_cv_func_select=yes
ac_cv_func_select_args='int,fd_set *,struct timeval *'
ac_cv_func_stat_empty_string_bug=no
ac_cv_func_strcasecmp=yes
ac_cv_func_strchr=yes
ac_cv_func_strerror=yes
ac_cv_func_strtol=yes
ac_cv_func_strtoul=yes
ac_cv_func_working_mktime=yes
ac_cv_header_assert_h=yes
ac_cv_header_dirent_dirent_h=yes
ac_cv_header_dlfcn_h=yes
ac_cv_header_inttypes_h=yes
ac_cv_header_memory_h=yes
ac_cv_header_stdc=yes
ac_cv_header_stdint_h=yes
ac_cv_header_stdlib_h=yes
ac_cv_header_string_h=yes
ac_cv_header_strings_h=yes
ac_cv_header_sys_select_h=yes
ac_cv_header_sys_socket_h=yes
ac_cv_header_sys_stat_h=yes
ac_cv_header_sys_time_h=yes
ac_cv_header_sys_types_h=yes
ac_cv_header_time=yes
ac_cv_header_time_h=yes
ac_cv_header_unistd_h=yes
ac_cv_host=i686-pc-linux-gnu
ac_cv_lib_pthread_main=yes
ac_cv_objext=o
ac_cv_path_EGREP='/bin/grep -E'
ac_cv_path_FGREP='/bin/grep -F'
ac_cv_path_GREP=/bin/grep
ac_cv_path_SED=/bin/sed
ac_cv_path_ac_pt_PKG_CONFIG=/usr/bin/pkg-config
ac_cv_path_install='/usr/bin/install -c'
ac_cv_path_mkdir=/bin/mkdir
ac_cv_prog_AWK=gawk
ac_cv_prog_CPP='gcc -E'
ac_cv_prog_CXXCPP='g++ -E'
ac_cv_prog_ac_ct_AR=ar
ac_cv_prog_ac_ct_CC=gcc
ac_cv_prog_ac_ct_CXX=g++
ac_cv_prog_ac_ct_MANIFEST_TOOL=mt
ac_cv_prog_ac_ct_OBJDUMP=objdump
ac_cv_prog_ac_ct_RANLIB=ranlib
ac_cv_prog_ac_ct_STRIP=strip
ac_cv_prog_cc_c89=
ac_cv_prog_cc_g=yes
ac_cv_prog_cxx_g=yes
ac_cv_prog_gcc_traditional=no
ac_cv_prog_make_make_set=yes
ac_cv_search_opendir='none required'
ac_cv_struct_tm=time.h
am_cv_CC_dependencies_compiler_type=gcc3
am_cv_CXX_dependencies_compiler_type=gcc3
lt_cv_ar_at_file=@
lt_cv_archive_cmds_need_lc=no
lt_cv_deplibs_check_method=pass_all
lt_cv_file_magic_cmd='$MAGIC_CMD'
lt_cv_file_magic_test_file=
lt_cv_ld_reload_flag=-r
lt_cv_nm_interface='BSD nm'
lt_cv_objdir=.libs
lt_cv_path_LD=/usr/bin/ld
lt_cv_path_LDCXX=/usr/bin/ld
lt_cv_path_NM='/usr/bin/nm -B'
lt_cv_path_mainfest_tool=no
lt_cv_prog_compiler_c_o=yes
lt_cv_prog_compiler_c_o_CXX=yes
lt_cv_prog_compiler_pic='-fPIC -DPIC'
lt_cv_prog_compiler_pic_CXX='-fPIC -DPIC'
lt_cv_prog_compiler_pic_works=yes
lt_cv_prog_compiler_pic_works_CXX=yes
lt_cv_prog_compiler_rtti_exceptions=no
lt_cv_prog_compiler_static_works=yes
lt_cv_prog_compiler_static_works_CXX=yes
lt_cv_prog_gnu_ld=yes
lt_cv_prog_gnu_ldcxx=yes
lt_cv_sharedlib_from_linklib_cmd='printf %s\n'
lt_cv_shlibpath_overrides_runpath=no
lt_cv_sys_global_symbol_pipe='sed -n -e '\''s/^.*[	 ]\([ABCDGIRSTW][ABCDGIRSTW]*\)[	 ][	 ]*\([_A-Za-z][_A-Za-z0-9]*\)$/\1 \2 \2/p'\'' | sed '\''/ __gnu_lto/d'\'''
lt_cv_sys_global_symbol_to_c_name_address='sed -n -e '\''s/^: \([^ ]*\)[ ]*$/  {\"\1\", (void *) 0},/p'\'' -e '\''s/^[ABCDGIRSTW]* \([^ ]*\) \([^ ]*\)$/  {"\2", (void *) \&\2},/p'\'''
lt_cv_sys_global_symbol_to_c_name_address_lib_prefix='sed -n -e '\''s/^: \([^ ]*\)[ ]*$/  {\"\1\", (void *) 0},/p'\'' -e '\''s/^[ABCDGIRSTW]* \([^ ]*\) \(lib[^ ]*\)$/  {"\2", (void *) \&\2},/p'\'' -e '\''s/^[ABCDGIRSTW]* \([^ ]*\) \([^ ]*\)$/  {"lib\2", (void *) \&\2},/p'\'''
lt_cv_sys_global_symbol_to_cdecl='sed -n -e '\''s/^T .* \(.*\)$/extern int \1();/p'\'' -e '\''s/^[ABCDGIRSTW]* .* \(.*\)$/extern char \1;/p'\'''
lt_cv_sys_max_cmd_len=1572864
lt_cv_to_host_file_cmd=func_convert_file_noop
lt_cv_to_tool_file_cmd=func_convert_file_noop
pkg_cv_GTKMM_CFLAGS='-pthread -I/usr/include/gtkmm-2.4 -I/usr/lib/i386-linux-gnu/gtkmm-2.4/include -I/usr/include/atkmm-1.6 -I/usr/include/giomm-2.4 -I/usr/lib/i386-linux-gnu/giomm-2.4/include -I/usr/include/pangomm-1.4 -I/usr/lib/i386-linux-gnu/pangomm-1.4/include -I/usr/include/gtk-2.0 -I/usr/include/gtk-unix-print-2.0 -I/usr/include/gdkmm-2.4 -I/usr/lib/i386-linux-gnu/gdkmm-2.4/include -I/usr/include/atk-1.0 -I/usr/include/glibmm-2.4 -I/usr/lib/i386-linux-gnu/glibmm-2.4/include -I/usr/include/glib-2.0 -I/usr/lib/i386-linux-gnu/glib-2.0/include -I/usr/include/sigc++-2.0 -I/usr/lib/i386-linux-gnu/sigc++-2.0/include -I/usr/include/cairomm-1.0 -I/usr/lib/i386-linux-gnu/cairomm-1.0/include -I/usr/include/pango-1.0 -I/usr/include/cairo -I/usr/include/pixman-1 -I/usr/include/freetype2 -I/usr/include/libpng12 -I/usr/lib/i386-linux-gnu/gtk-2.0/include -I/usr/include/gdk-pixbuf-2.0 -I/usr/include/gio-unix-2.0/ -I/usr/include/libglade-2.0 -I/usr/include/libxml2 -I/usr/include/libglademm-2.4 -I/usr/lib/libglademm-2.4/include  '
pkg_cv_GTKMM_LIBS='-pthread -lglademm-2.4 -lgtkmm-2.4 -lglade-2.0 -latkmm-1.6 -lgdkmm-2.4 -lgiomm-2.4 -lpangomm-1.4 -lglibmm-2.4 -lcairomm-1.0 -lsigc-2.0 -lgtk-x11-2.0 -lxml2 -lgdk-x11-2.0 -latk-1.0 -lgio-2.0 -lpangoft2-1.0 -lpangocairo-1.0 -lgdk_pixbuf-2.0 -lcairo -lpango-1.0 -lfreetype -lfontconfig -lgobject-2.0 -lgthread-2.0 -lrt -lglib-2.0  '
pkg_cv_LINBERRY_CFLAGS='-I/usr/local/include  '
pkg_cv_LINBERRY_LIBS='-L/usr/local/lib -llinberry -lusb  '

## ----------------- ##
## Output variables. ##
## ----------------- ##

ACLOCAL='${SHELL} /home/israel/Descargas/linberry/Source/linberrylibs/missing --run aclocal-1.11'
AMDEPBACKSLASH='\'
AMDEP_FALSE='#'
AMDEP_TRUE=''
AMTAR='$${TAR-tar}'
AR='ar'
AUTOCONF='${SHELL} /home/israel/Descargas/linberry/Source/linberrylibs/missing --run autoconf'
AUTOHEADER='${SHELL} /home/israel/Descargas/linberry/Source/linberrylibs/missing --run autoheader'
AUTOMAKE='${SHELL} /home/israel/Descargas/linberry/Source/linberrylibs/missing --run automake-1.11'
AWK='gawk'
CC='gcc'
CCDEPMODE='depmode=gcc3'
CFLAGS='-g -O2'
CPP='gcc -E'
CPPFLAGS=''
CXX='g++'
CXXCPP='g++ -E'
CXXDEPMODE='depmode=gcc3'
CXXFLAGS='-g -O2'
CYGPATH_W='echo'
DEFS='-DHAVE_CONFIG_H'
DEPDIR='.deps'
DLLTOOL='false'
DSYMUTIL=''
DUMPBIN=''
ECHO_C=''
ECHO_N='-n'
ECHO_T=''
EGREP='/bin/grep -E'
EXEEXT=''
FGREP='/bin/grep -F'
GREP='/bin/grep'
GTKMM_CFLAGS='-pthread -I/usr/include/gtkmm-2.4 -I/usr/lib/i386-linux-gnu/gtkmm-2.4/include -I/usr/include/atkmm-1.6 -I/usr/include/giomm-2.4 -I/usr/lib/i386-linux-gnu/giomm-2.4/include -I/usr/include/pangomm-1.4 -I/usr/lib/i386-linux-gnu/pangomm-1.4/include -I/usr/include/gtk-2.0 -I/usr/include/gtk-unix-print-2.0 -I/usr/include/gdkmm-2.4 -I/usr/lib/i386-linux-gnu/gdkmm-2.4/include -I/usr/include/atk-1.0 -I/usr/include/glibmm-2.4 -I/usr/lib/i386-linux-gnu/glibmm-2.4/include -I/usr/include/glib-2.0 -I/usr/lib/i386-linux-gnu/glib-2.0/include -I/usr/include/sigc++-2.0 -I/usr/lib/i386-linux-gnu/sigc++-2.0/include -I/usr/include/cairomm-1.0 -I/usr/lib/i386-linux-gnu/cairomm-1.0/include -I/usr/include/pango-1.0 -I/usr/include/cairo -I/usr/include/pixman-1 -I/usr/include/freetype2 -I/usr/include/libpng12 -I/usr/lib/i386-linux-gnu/gtk-2.0/include -I/usr/include/gdk-pixbuf-2.0 -I/usr/include/gio-unix-2.0/ -I/usr/include/libglade-2.0 -I/usr/include/libxml2 -I/usr/include/libglademm-2.4 -I/usr/lib/libglademm-2.4/include  '
GTKMM_LIBS='-pthread -lglademm-2.4 -lgtkmm-2.4 -lglade-2.0 -latkmm-1.6 -lgdkmm-2.4 -lgiomm-2.4 -lpangomm-1.4 -lglibmm-2.4 -lcairomm-1.0 -lsigc-2.0 -lgtk-x11-2.0 -lxml2 -lgdk-x11-2.0 -latk-1.0 -lgio-2.0 -lpangoft2-1.0 -lpangocairo-1.0 -lgdk_pixbuf-2.0 -lcairo -lpango-1.0 -lfreetype -lfontconfig -lgobject-2.0 -lgthread-2.0 -lrt -lglib-2.0  '
INSTALL_DATA='${INSTALL} -m 644'
INSTALL_PROGRAM='${INSTALL}'
INSTALL_SCRIPT='${INSTALL}'
INSTALL_STRIP_PROGRAM='$(install_sh) -c -s'
LD='/usr/bin/ld'
LDFLAGS=''
LIBOBJS=''
LIBS='-lpthread '
LIBTAR_CFLAGS=''
LIBTAR_LIBS='-ltar'
LIBTOOL='$(SHELL) $(top_builddir)/libtool'
LIBZ_CFLAGS=''
LIBZ_LIBS='-lz'
LINBERRY_CFLAGS='-I/usr/local/include  '
LINBERRY_LIBS='-L/usr/local/lib -llinberry -lusb  '
LIPO=''
LN_S='ln -s'
LTLIBOBJS=''
MAKEINFO='${SHELL} /home/israel/Descargas/linberry/Source/linberrylibs/missing --run makeinfo'
MANIFEST_TOOL=':'
MKDIR_P='/bin/mkdir -p'
NM='/usr/bin/nm -B'
NMEDIT=''
OBJDUMP='objdump'
OBJEXT='o'
OTOOL64=''
OTOOL=''
PACKAGE='linberry-backup'
PACKAGE_BUGREPORT='linberry-devel@lists.sourceforge.net'
PACKAGE_NAME='linberry-backup'
PACKAGE_STRING='linberry-backup 0.1'
PACKAGE_TARNAME='linberry-backup'
PACKAGE_URL=''
PACKAGE_VERSION='0.1'
PATH_SEPARATOR=':'
PKG_CONFIG='/usr/bin/pkg-config'
PKG_CONFIG_LIBDIR=''
PKG_CONFIG_PATH='/home/israel/Descargas/linberry/Source/linberrylibs:'
RANLIB='ranlib'
SED='/bin/sed'
SET_MAKE=''
SHELL='/bin/bash'
STRIP='strip'
TREE_BUILD_CXXFLAGS='-I/home/israel/Descargas/linberry/Source/linberrylibs'
TREE_BUILD_LDFLAGS='-L/home/israel/Descargas/linberry/Source/linberrylibs/src'
VERSION='0.1'
ac_ct_AR='ar'
ac_ct_CC='gcc'
ac_ct_CXX='g++'
ac_ct_DUMPBIN=''
am__EXEEXT_FALSE=''
am__EXEEXT_TRUE='#'
am__fastdepCC_FALSE='#'
am__fastdepCC_TRUE=''
am__fastdepCXX_FALSE='#'
am__fastdepCXX_TRUE=''
am__include='include'
am__isrc=''
am__leading_dot='.'
am__nodep='_no'
am__quote=''
am__tar='$${TAR-tar} chof - "$$tardir"'
am__untar='$${TAR-tar} xf -'
bindir='${exec_prefix}/bin'
build='i686-pc-linux-gnu'
build_alias=''
build_cpu='i686'
build_os='linux-gnu'
build_vendor='pc'
datadir='${datarootdir}'
datarootdir='${prefix}/share'
docdir='${datarootdir}/doc/${PACKAGE_TARNAME}'
dvidir='${docdir}'
exec_prefix='${prefix}'
gladedir='${datarootdir}/linberry/glade/'
host='i686-pc-linux-gnu'
host_alias=''
host_cpu='i686'
host_os='linux-gnu'
host_vendor='pc'
htmldir='${docdir}'
includedir='${prefix}/include'
infodir='${datarootdir}/info'
install_sh='${SHELL} /home/israel/Descargas/linberry/Source/linberrylibs/install-sh'
libdir='${exec_prefix}/lib'
libexecdir='${exec_prefix}/libexec'
localedir='${datarootdir}/locale'
localstatedir='${prefix}/var'
mandir='${datarootdir}/man'
mkdir_p='/bin/mkdir -p'
oldincludedir='/usr/include'
pdfdir='${docdir}'
prefix='/usr/local'
program_transform_name='s,x,x,'
psdir='${docdir}'
sbindir='${exec_prefix}/sbin'
sharedstatedir='${prefix}/com'
sysconfdir='${prefix}/etc'
target_alias=''

## ----------- ##
## confdefs.h. ##
## ----------- ##

/* confdefs.h */
#define PACKAGE_NAME "linberry-backup"
#define PACKAGE_TARNAME "linberry-backup"
#define PACKAGE_VERSION "0.1"
#define PACKAGE_STRING "linberry-backup 0.1"
#define PACKAGE_BUGREPORT "linberry-devel@lists.sourceforge.net"
#define PACKAGE_URL ""
#define PACKAGE "linberry-backup"
#define VERSION "0.1"
#define STDC_HEADERS 1
#define HAVE_SYS_TYPES_H 1
#define HAVE_SYS_STAT_H 1
#define HAVE_STDLIB_H 1
#define HAVE_STRING_H 1
#define HAVE_MEMORY_H 1
#define HAVE_STRINGS_H 1
#define HAVE_INTTYPES_H 1
#define HAVE_STDINT_H 1
#define HAVE_UNISTD_H 1
#define HAVE_DLFCN_H 1
#define LT_OBJDIR ".libs/"
#define HAVE_LIBPTHREAD 1
#define HAVE_DIRENT_H 1
#define STDC_HEADERS 1
#define HAVE_ASSERT_H 1
#define HAVE_STDINT_H 1
#define HAVE_TIME_H 1
#define TIME_WITH_SYS_TIME 1
#define HAVE_STDLIB_H 1
#define HAVE_MALLOC 1
#define HAVE_SYS_TIME_H 1
#define HAVE_UNISTD_H 1
#define HAVE_ALARM 1
#define HAVE_STDLIB_H 1
#define HAVE_REALLOC 1
#define HAVE_SYS_SELECT_H 1
#define HAVE_SYS_SOCKET_H 1
#define SELECT_TYPE_ARG1 int
#define SELECT_TYPE_ARG234 (fd_set *)
#define SELECT_TYPE_ARG5 (struct timeval *)
#define LSTAT_FOLLOWS_SLASHED_SYMLINK 1
#define HAVE_BZERO 1
#define HAVE_GETTIMEOFDAY 1
#define HAVE_MEMSET 1
#define HAVE_SELECT 1
#define HAVE_STRCASECMP 1
#define HAVE_STRCHR 1
#define HAVE_STRERROR 1
#define HAVE_STRTOL 1
#define HAVE_STRTOUL 1

configure: exit 0
