This file contains any messages produced by compilers while
running configure, to aid debugging if configure makes a mistake.

It was created by linberry configure 0.16, which was
generated by GNU Autoconf 2.68.  Invocation command line was

  $ ./configure --enable-gui

## --------- ##
## Platform. ##
## --------- ##

hostname = puntoazul
uname -m = i686
uname -r = 3.2.0-25-generic-pae
uname -s = Linux
uname -v = #40-Ubuntu SMP Wed May 23 22:11:24 UTC 2012

/usr/bin/uname -p = unknown
/bin/uname -X     = unknown

/bin/arch              = unknown
/usr/bin/arch -k       = unknown
/usr/convex/getsysinfo = unknown
/usr/bin/hostinfo      = unknown
/bin/machine           = unknown
/usr/bin/oslevel       = unknown
/bin/universe          = unknown

PATH: /usr/lib/lightdm/lightdm
PATH: /usr/local/sbin
PATH: /usr/local/bin
PATH: /usr/sbin
PATH: /usr/bin
PATH: /sbin
PATH: /bin
PATH: /usr/games


## ----------- ##
## Core tests. ##
## ----------- ##

configure:2639: checking for a BSD-compatible install
configure:2707: result: /usr/bin/install -c
configure:2718: checking whether build environment is sane
configure:2768: result: yes
configure:2909: checking for a thread-safe mkdir -p
configure:2948: result: /bin/mkdir -p
configure:2961: checking for gawk
configure:2977: found /usr/bin/gawk
configure:2988: result: gawk
configure:2999: checking whether make sets $(MAKE)
configure:3021: result: yes
configure:3114: checking for style of include used by make
configure:3142: result: GNU
configure:3213: checking for gcc
configure:3229: found /usr/bin/gcc
configure:3240: result: gcc
configure:3469: checking for C compiler version
configure:3478: gcc --version >&5
gcc (Ubuntu/Linaro 4.6.3-1ubuntu5) 4.6.3
Copyright (C) 2011 Free Software Foundation, Inc.
This is free software; see the source for copying conditions.  There is NO
warranty; not even for MERCHANTABILITY or FITNESS FOR A PARTICULAR PURPOSE.

configure:3489: $? = 0
configure:3478: gcc -v >&5
Using built-in specs.
COLLECT_GCC=gcc
COLLECT_LTO_WRAPPER=/usr/lib/gcc/i686-linux-gnu/4.6/lto-wrapper
Target: i686-linux-gnu
Configured with: ../src/configure -v --with-pkgversion='Ubuntu/Linaro 4.6.3-1ubuntu5' --with-bugurl=file:///usr/share/doc/gcc-4.6/README.Bugs --enable-languages=c,c++,fortran,objc,obj-c++ --prefix=/usr --program-suffix=-4.6 --enable-shared --enable-linker-build-id --with-system-zlib --libexecdir=/usr/lib --without-included-gettext --enable-threads=posix --with-gxx-include-dir=/usr/include/c++/4.6 --libdir=/usr/lib --enable-nls --with-sysroot=/ --enable-clocale=gnu --enable-libstdcxx-debug --enable-libstdcxx-time=yes --enable-gnu-unique-object --enable-plugin --enable-objc-gc --enable-targets=all --disable-werror --with-arch-32=i686 --with-tune=generic --enable-checking=release --build=i686-linux-gnu --host=i686-linux-gnu --target=i686-linux-gnu
Thread model: posix
gcc version 4.6.3 (Ubuntu/Linaro 4.6.3-1ubuntu5) 
configure:3489: $? = 0
configure:3478: gcc -V >&5
gcc: error: unrecognized option '-V'
gcc: fatal error: no input files
compilation terminated.
configure:3489: $? = 4
configure:3478: gcc -qversion >&5
gcc: error: unrecognized option '-qversion'
gcc: fatal error: no input files
compilation terminated.
configure:3489: $? = 4
configure:3509: checking whether the C compiler works
configure:3531: gcc    conftest.c  >&5
configure:3535: $? = 0
configure:3583: result: yes
configure:3586: checking for C compiler default output file name
configure:3588: result: a.out
configure:3594: checking for suffix of executables
configure:3601: gcc -o conftest    conftest.c  >&5
configure:3605: $? = 0
configure:3627: result: 
configure:3649: checking whether we are cross compiling
configure:3657: gcc -o conftest    conftest.c  >&5
configure:3661: $? = 0
configure:3668: ./conftest
configure:3672: $? = 0
configure:3687: result: no
configure:3692: checking for suffix of object files
configure:3714: gcc -c   conftest.c >&5
configure:3718: $? = 0
configure:3739: result: o
configure:3743: checking whether we are using the GNU C compiler
configure:3762: gcc -c   conftest.c >&5
configure:3762: $? = 0
configure:3771: result: yes
configure:3780: checking whether gcc accepts -g
configure:3800: gcc -c -g  conftest.c >&5
configure:3800: $? = 0
configure:3841: result: yes
configure:3858: checking for gcc option to accept ISO C89
configure:3922: gcc  -c -g -O2  conftest.c >&5
configure:3922: $? = 0
configure:3935: result: none needed
configure:3957: checking dependency style of gcc
configure:4068: result: gcc3
configure:4089: checking how to run the C preprocessor
configure:4120: gcc -E  conftest.c
configure:4120: $? = 0
configure:4134: gcc -E  conftest.c
conftest.c:11:28: fatal error: ac_nonexistent.h: No such file or directory
compilation terminated.
configure:4134: $? = 1
configure: failed program was:
| /* confdefs.h */
| #define PACKAGE_NAME "linberry"
| #define PACKAGE_TARNAME "linberry"
| #define PACKAGE_VERSION "0.16"
| #define PACKAGE_STRING "linberry 0.16"
| #define PACKAGE_BUGREPORT "linberry-devel@lists.sourceforge.net"
| #define PACKAGE_URL ""
| #define PACKAGE "linberry"
| #define VERSION "0.16"
| /* end confdefs.h.  */
| #include <ac_nonexistent.h>
configure:4159: result: gcc -E
configure:4179: gcc -E  conftest.c
configure:4179: $? = 0
configure:4193: gcc -E  conftest.c
conftest.c:11:28: fatal error: ac_nonexistent.h: No such file or directory
compilation terminated.
configure:4193: $? = 1
configure: failed program was:
| /* confdefs.h */
| #define PACKAGE_NAME "linberry"
| #define PACKAGE_TARNAME "linberry"
| #define PACKAGE_VERSION "0.16"
| #define PACKAGE_STRING "linberry 0.16"
| #define PACKAGE_BUGREPORT "linberry-devel@lists.sourceforge.net"
| #define PACKAGE_URL ""
| #define PACKAGE "linberry"
| #define VERSION "0.16"
| /* end confdefs.h.  */
| #include <ac_nonexistent.h>
configure:4222: checking for grep that handles long lines and -e
configure:4280: result: /bin/grep
configure:4285: checking for egrep
configure:4347: result: /bin/grep -E
configure:4352: checking for ANSI C header files
configure:4372: gcc -c -g -O2  conftest.c >&5
configure:4372: $? = 0
configure:4445: gcc -o conftest -g -O2   conftest.c  >&5
configure:4445: $? = 0
configure:4445: ./conftest
configure:4445: $? = 0
configure:4456: result: yes
configure:4469: checking for sys/types.h
configure:4469: gcc -c -g -O2  conftest.c >&5
configure:4469: $? = 0
configure:4469: result: yes
configure:4469: checking for sys/stat.h
configure:4469: gcc -c -g -O2  conftest.c >&5
configure:4469: $? = 0
configure:4469: result: yes
configure:4469: checking for stdlib.h
configure:4469: gcc -c -g -O2  conftest.c >&5
configure:4469: $? = 0
configure:4469: result: yes
configure:4469: checking for string.h
configure:4469: gcc -c -g -O2  conftest.c >&5
configure:4469: $? = 0
configure:4469: result: yes
configure:4469: checking for memory.h
configure:4469: gcc -c -g -O2  conftest.c >&5
configure:4469: $? = 0
configure:4469: result: yes
configure:4469: checking for strings.h
configure:4469: gcc -c -g -O2  conftest.c >&5
configure:4469: $? = 0
configure:4469: result: yes
configure:4469: checking for inttypes.h
configure:4469: gcc -c -g -O2  conftest.c >&5
configure:4469: $? = 0
configure:4469: result: yes
configure:4469: checking for stdint.h
configure:4469: gcc -c -g -O2  conftest.c >&5
configure:4469: $? = 0
configure:4469: result: yes
configure:4469: checking for unistd.h
configure:4469: gcc -c -g -O2  conftest.c >&5
configure:4469: $? = 0
configure:4469: result: yes
configure:4482: checking minix/config.h usability
configure:4482: gcc -c -g -O2  conftest.c >&5
conftest.c:54:26: fatal error: minix/config.h: No such file or directory
compilation terminated.
configure:4482: $? = 1
configure: failed program was:
| /* confdefs.h */
| #define PACKAGE_NAME "linberry"
| #define PACKAGE_TARNAME "linberry"
| #define PACKAGE_VERSION "0.16"
| #define PACKAGE_STRING "linberry 0.16"
| #define PACKAGE_BUGREPORT "linberry-devel@lists.sourceforge.net"
| #define PACKAGE_URL ""
| #define PACKAGE "linberry"
| #define VERSION "0.16"
| #define STDC_HEADERS 1
| #define HAVE_SYS_TYPES_H 1
| #define HAVE_SYS_STAT_H 1
| #define HAVE_STDLIB_H 1
| #define HAVE_STRING_H 1
| #define HAVE_MEMORY_H 1
| #define HAVE_STRINGS_H 1
| #define HAVE_INTTYPES_H 1
| #define HAVE_STDINT_H 1
| #define HAVE_UNISTD_H 1
| /* end confdefs.h.  */
| #include <stdio.h>
| #ifdef HAVE_SYS_TYPES_H
| # include <sys/types.h>
| #endif
| #ifdef HAVE_SYS_STAT_H
| # include <sys/stat.h>
| #endif
| #ifdef STDC_HEADERS
| # include <stdlib.h>
| # include <stddef.h>
| #else
| # ifdef HAVE_STDLIB_H
| #  include <stdlib.h>
| # endif
| #endif
| #ifdef HAVE_STRING_H
| # if !defined STDC_HEADERS && defined HAVE_MEMORY_H
| #  include <memory.h>
| # endif
| # include <string.h>
| #endif
| #ifdef HAVE_STRINGS_H
| # include <strings.h>
| #endif
| #ifdef HAVE_INTTYPES_H
| # include <inttypes.h>
| #endif
| #ifdef HAVE_STDINT_H
| # include <stdint.h>
| #endif
| #ifdef HAVE_UNISTD_H
| # include <unistd.h>
| #endif
| #include <minix/config.h>
configure:4482: result: no
configure:4482: checking minix/config.h presence
configure:4482: gcc -E  conftest.c
conftest.c:21:26: fatal error: minix/config.h: No such file or directory
compilation terminated.
configure:4482: $? = 1
configure: failed program was:
| /* confdefs.h */
| #define PACKAGE_NAME "linberry"
| #define PACKAGE_TARNAME "linberry"
| #define PACKAGE_VERSION "0.16"
| #define PACKAGE_STRING "linberry 0.16"
| #define PACKAGE_BUGREPORT "linberry-devel@lists.sourceforge.net"
| #define PACKAGE_URL ""
| #define PACKAGE "linberry"
| #define VERSION "0.16"
| #define STDC_HEADERS 1
| #define HAVE_SYS_TYPES_H 1
| #define HAVE_SYS_STAT_H 1
| #define HAVE_STDLIB_H 1
| #define HAVE_STRING_H 1
| #define HAVE_MEMORY_H 1
| #define HAVE_STRINGS_H 1
| #define HAVE_INTTYPES_H 1
| #define HAVE_STDINT_H 1
| #define HAVE_UNISTD_H 1
| /* end confdefs.h.  */
| #include <minix/config.h>
configure:4482: result: no
configure:4482: checking for minix/config.h
configure:4482: result: no
configure:4503: checking whether it is safe to define __EXTENSIONS__
configure:4521: gcc -c -g -O2  conftest.c >&5
configure:4521: $? = 0
configure:4528: result: yes
configure:4594: checking for gcc
configure:4621: result: gcc
configure:4850: checking for C compiler version
configure:4859: gcc --version >&5
gcc (Ubuntu/Linaro 4.6.3-1ubuntu5) 4.6.3
Copyright (C) 2011 Free Software Foundation, Inc.
This is free software; see the source for copying conditions.  There is NO
warranty; not even for MERCHANTABILITY or FITNESS FOR A PARTICULAR PURPOSE.

configure:4870: $? = 0
configure:4859: gcc -v >&5
Using built-in specs.
COLLECT_GCC=gcc
COLLECT_LTO_WRAPPER=/usr/lib/gcc/i686-linux-gnu/4.6/lto-wrapper
Target: i686-linux-gnu
Configured with: ../src/configure -v --with-pkgversion='Ubuntu/Linaro 4.6.3-1ubuntu5' --with-bugurl=file:///usr/share/doc/gcc-4.6/README.Bugs --enable-languages=c,c++,fortran,objc,obj-c++ --prefix=/usr --program-suffix=-4.6 --enable-shared --enable-linker-build-id --with-system-zlib --libexecdir=/usr/lib --without-included-gettext --enable-threads=posix --with-gxx-include-dir=/usr/include/c++/4.6 --libdir=/usr/lib --enable-nls --with-sysroot=/ --enable-clocale=gnu --enable-libstdcxx-debug --enable-libstdcxx-time=yes --enable-gnu-unique-object --enable-plugin --enable-objc-gc --enable-targets=all --disable-werror --with-arch-32=i686 --with-tune=generic --enable-checking=release --build=i686-linux-gnu --host=i686-linux-gnu --target=i686-linux-gnu
Thread model: posix
gcc version 4.6.3 (Ubuntu/Linaro 4.6.3-1ubuntu5) 
configure:4870: $? = 0
configure:4859: gcc -V >&5
gcc: error: unrecognized option '-V'
gcc: fatal error: no input files
compilation terminated.
configure:4870: $? = 4
configure:4859: gcc -qversion >&5
gcc: error: unrecognized option '-qversion'
gcc: fatal error: no input files
compilation terminated.
configure:4870: $? = 4
configure:4874: checking whether we are using the GNU C compiler
configure:4902: result: yes
configure:4911: checking whether gcc accepts -g
configure:4972: result: yes
configure:4989: checking for gcc option to accept ISO C89
configure:5066: result: none needed
configure:5088: checking dependency style of gcc
configure:5199: result: gcc3
configure:5272: checking for g++
configure:5288: found /usr/bin/g++
configure:5299: result: g++
configure:5326: checking for C++ compiler version
configure:5335: g++ --version >&5
g++ (Ubuntu/Linaro 4.6.3-1ubuntu5) 4.6.3
Copyright (C) 2011 Free Software Foundation, Inc.
This is free software; see the source for copying conditions.  There is NO
warranty; not even for MERCHANTABILITY or FITNESS FOR A PARTICULAR PURPOSE.

configure:5346: $? = 0
configure:5335: g++ -v >&5
Using built-in specs.
COLLECT_GCC=g++
COLLECT_LTO_WRAPPER=/usr/lib/gcc/i686-linux-gnu/4.6/lto-wrapper
Target: i686-linux-gnu
Configured with: ../src/configure -v --with-pkgversion='Ubuntu/Linaro 4.6.3-1ubuntu5' --with-bugurl=file:///usr/share/doc/gcc-4.6/README.Bugs --enable-languages=c,c++,fortran,objc,obj-c++ --prefix=/usr --program-suffix=-4.6 --enable-shared --enable-linker-build-id --with-system-zlib --libexecdir=/usr/lib --without-included-gettext --enable-threads=posix --with-gxx-include-dir=/usr/include/c++/4.6 --libdir=/usr/lib --enable-nls --with-sysroot=/ --enable-clocale=gnu --enable-libstdcxx-debug --enable-libstdcxx-time=yes --enable-gnu-unique-object --enable-plugin --enable-objc-gc --enable-targets=all --disable-werror --with-arch-32=i686 --with-tune=generic --enable-checking=release --build=i686-linux-gnu --host=i686-linux-gnu --target=i686-linux-gnu
Thread model: posix
gcc version 4.6.3 (Ubuntu/Linaro 4.6.3-1ubuntu5) 
configure:5346: $? = 0
configure:5335: g++ -V >&5
g++: error: unrecognized option '-V'
g++: fatal error: no input files
compilation terminated.
configure:5346: $? = 4
configure:5335: g++ -qversion >&5
g++: error: unrecognized option '-qversion'
g++: fatal error: no input files
compilation terminated.
configure:5346: $? = 4
configure:5350: checking whether we are using the GNU C++ compiler
configure:5369: g++ -c   conftest.cpp >&5
configure:5369: $? = 0
configure:5378: result: yes
configure:5387: checking whether g++ accepts -g
configure:5407: g++ -c -g  conftest.cpp >&5
configure:5407: $? = 0
configure:5448: result: yes
configure:5473: checking dependency style of g++
configure:5584: result: gcc3
configure:5599: checking whether make sets $(MAKE)
configure:5621: result: yes
configure:5659: checking build system type
configure:5673: result: i686-pc-linux-gnu
configure:5693: checking host system type
configure:5706: result: i686-pc-linux-gnu
configure:5747: checking how to print strings
configure:5774: result: printf
configure:5795: checking for a sed that does not truncate output
configure:5859: result: /bin/sed
configure:5877: checking for fgrep
configure:5939: result: /bin/grep -F
configure:5974: checking for ld used by gcc
configure:6041: result: /usr/bin/ld
configure:6048: checking if the linker (/usr/bin/ld) is GNU ld
configure:6063: result: yes
configure:6075: checking for BSD- or MS-compatible name lister (nm)
configure:6124: result: /usr/bin/nm -B
configure:6254: checking the name lister (/usr/bin/nm -B) interface
configure:6261: gcc -c -g -O2  conftest.c >&5
configure:6264: /usr/bin/nm -B "conftest.o"
configure:6267: output
00000000 B some_variable
configure:6274: result: BSD nm
configure:6277: checking whether ln -s works
configure:6281: result: yes
configure:6289: checking the maximum length of command line arguments
configure:6419: result: 1572864
configure:6436: checking whether the shell understands some XSI constructs
configure:6446: result: yes
configure:6450: checking whether the shell understands "+="
configure:6456: result: yes
configure:6491: checking how to convert i686-pc-linux-gnu file names to i686-pc-linux-gnu format
configure:6531: result: func_convert_file_noop
configure:6538: checking how to convert i686-pc-linux-gnu file names to toolchain format
configure:6558: result: func_convert_file_noop
configure:6565: checking for /usr/bin/ld option to reload object files
configure:6572: result: -r
configure:6646: checking for objdump
configure:6662: found /usr/bin/objdump
configure:6673: result: objdump
configure:6705: checking how to recognize dependent libraries
configure:6907: result: pass_all
configure:6992: checking for dlltool
configure:7022: result: no
configure:7052: checking how to associate runtime and link libraries
configure:7079: result: printf %s\n
configure:7139: checking for ar
configure:7155: found /usr/bin/ar
configure:7166: result: ar
configure:7203: checking for archiver @FILE support
configure:7220: gcc -c -g -O2  conftest.c >&5
configure:7220: $? = 0
configure:7223: ar cru libconftest.a @conftest.lst >&5
configure:7226: $? = 0
configure:7231: ar cru libconftest.a @conftest.lst >&5
ar: conftest.o: No such file or directory
configure:7234: $? = 1
configure:7246: result: @
configure:7304: checking for strip
configure:7320: found /usr/bin/strip
configure:7331: result: strip
configure:7403: checking for ranlib
configure:7419: found /usr/bin/ranlib
configure:7430: result: ranlib
configure:7532: checking command to parse /usr/bin/nm -B output from gcc object
configure:7652: gcc -c -g -O2  conftest.c >&5
configure:7655: $? = 0
configure:7659: /usr/bin/nm -B conftest.o \| sed -n -e 's/^.*[ ]\([ABCDGIRSTW][ABCDGIRSTW]*\)[ ][ ]*\([_A-Za-z][_A-Za-z0-9]*\)$/\1 \2 \2/p' | sed '/ __gnu_lto/d' \> conftest.nm
configure:7662: $? = 0
configure:7728: gcc -o conftest -g -O2   conftest.c conftstm.o >&5
configure:7731: $? = 0
configure:7769: result: ok
configure:7806: checking for sysroot
configure:7836: result: no
configure:8092: checking for mt
configure:8108: found /bin/mt
configure:8119: result: mt
configure:8142: checking if mt is a manifest tool
configure:8148: mt '-?'
configure:8156: result: no
configure:8795: checking for dlfcn.h
configure:8795: gcc -c -g -O2  conftest.c >&5
configure:8795: $? = 0
configure:8795: result: yes
configure:9012: checking for objdir
configure:9027: result: .libs
configure:9298: checking if gcc supports -fno-rtti -fno-exceptions
configure:9316: gcc -c -g -O2  -fno-rtti -fno-exceptions conftest.c >&5
cc1: warning: command line option '-fno-rtti' is valid for C++/ObjC++ but not for C [enabled by default]
configure:9320: $? = 0
configure:9333: result: no
configure:9660: checking for gcc option to produce PIC
configure:9667: result: -fPIC -DPIC
configure:9675: checking if gcc PIC flag -fPIC -DPIC works
configure:9693: gcc -c -g -O2  -fPIC -DPIC -DPIC conftest.c >&5
configure:9697: $? = 0
configure:9710: result: yes
configure:9739: checking if gcc static flag -static works
configure:9767: result: yes
configure:9782: checking if gcc supports -c -o file.o
configure:9803: gcc -c -g -O2  -o out/conftest2.o conftest.c >&5
configure:9807: $? = 0
configure:9829: result: yes
configure:9837: checking if gcc supports -c -o file.o
configure:9884: result: yes
configure:9917: checking whether the gcc linker (/usr/bin/ld) supports shared libraries
configure:11074: result: yes
configure:11111: checking whether -lc should be explicitly linked in
configure:11119: gcc -c -g -O2  conftest.c >&5
configure:11122: $? = 0
configure:11137: gcc -shared  -fPIC -DPIC conftest.o  -v -Wl,-soname -Wl,conftest -o conftest 2\>\&1 \| /bin/grep  -lc  \>/dev/null 2\>\&1
configure:11140: $? = 0
configure:11154: result: no
configure:11314: checking dynamic linker characteristics
configure:11825: gcc -o conftest -g -O2   -Wl,-rpath -Wl,/foo conftest.c  >&5
configure:11825: $? = 0
configure:12059: result: GNU/Linux ld.so
configure:12166: checking how to hardcode library paths into programs
configure:12191: result: immediate
configure:12731: checking whether stripping libraries is possible
configure:12736: result: yes
configure:12771: checking if libtool supports shared libraries
configure:12773: result: yes
configure:12776: checking whether to build shared libraries
configure:12797: result: yes
configure:12800: checking whether to build static libraries
configure:12804: result: yes
configure:12827: checking how to run the C++ preprocessor
configure:12854: g++ -E  conftest.cpp
configure:12854: $? = 0
configure:12868: g++ -E  conftest.cpp
conftest.cpp:28:28: fatal error: ac_nonexistent.h: No such file or directory
compilation terminated.
configure:12868: $? = 1
configure: failed program was:
| /* confdefs.h */
| #define PACKAGE_NAME "linberry"
| #define PACKAGE_TARNAME "linberry"
| #define PACKAGE_VERSION "0.16"
| #define PACKAGE_STRING "linberry 0.16"
| #define PACKAGE_BUGREPORT "linberry-devel@lists.sourceforge.net"
| #define PACKAGE_URL ""
| #define PACKAGE "linberry"
| #define VERSION "0.16"
| #define STDC_HEADERS 1
| #define HAVE_SYS_TYPES_H 1
| #define HAVE_SYS_STAT_H 1
| #define HAVE_STDLIB_H 1
| #define HAVE_STRING_H 1
| #define HAVE_MEMORY_H 1
| #define HAVE_STRINGS_H 1
| #define HAVE_INTTYPES_H 1
| #define HAVE_STDINT_H 1
| #define HAVE_UNISTD_H 1
| #define __EXTENSIONS__ 1
| #define _ALL_SOURCE 1
| #define _GNU_SOURCE 1
| #define _POSIX_PTHREAD_SEMANTICS 1
| #define _TANDEM_SOURCE 1
| #define HAVE_DLFCN_H 1
| #define LT_OBJDIR ".libs/"
| /* end confdefs.h.  */
| #include <ac_nonexistent.h>
configure:12893: result: g++ -E
configure:12913: g++ -E  conftest.cpp
configure:12913: $? = 0
configure:12927: g++ -E  conftest.cpp
conftest.cpp:28:28: fatal error: ac_nonexistent.h: No such file or directory
compilation terminated.
configure:12927: $? = 1
configure: failed program was:
| /* confdefs.h */
| #define PACKAGE_NAME "linberry"
| #define PACKAGE_TARNAME "linberry"
| #define PACKAGE_VERSION "0.16"
| #define PACKAGE_STRING "linberry 0.16"
| #define PACKAGE_BUGREPORT "linberry-devel@lists.sourceforge.net"
| #define PACKAGE_URL ""
| #define PACKAGE "linberry"
| #define VERSION "0.16"
| #define STDC_HEADERS 1
| #define HAVE_SYS_TYPES_H 1
| #define HAVE_SYS_STAT_H 1
| #define HAVE_STDLIB_H 1
| #define HAVE_STRING_H 1
| #define HAVE_MEMORY_H 1
| #define HAVE_STRINGS_H 1
| #define HAVE_INTTYPES_H 1
| #define HAVE_STDINT_H 1
| #define HAVE_UNISTD_H 1
| #define __EXTENSIONS__ 1
| #define _ALL_SOURCE 1
| #define _GNU_SOURCE 1
| #define _POSIX_PTHREAD_SEMANTICS 1
| #define _TANDEM_SOURCE 1
| #define HAVE_DLFCN_H 1
| #define LT_OBJDIR ".libs/"
| /* end confdefs.h.  */
| #include <ac_nonexistent.h>
configure:13096: checking for ld used by g++
configure:13163: result: /usr/bin/ld
configure:13170: checking if the linker (/usr/bin/ld) is GNU ld
configure:13185: result: yes
configure:13240: checking whether the g++ linker (/usr/bin/ld) supports shared libraries
configure:14245: result: yes
configure:14281: g++ -c -g -O2  conftest.cpp >&5
configure:14284: $? = 0
configure:14804: checking for g++ option to produce PIC
configure:14811: result: -fPIC -DPIC
configure:14819: checking if g++ PIC flag -fPIC -DPIC works
configure:14837: g++ -c -g -O2  -fPIC -DPIC -DPIC conftest.cpp >&5
configure:14841: $? = 0
configure:14854: result: yes
configure:14877: checking if g++ static flag -static works
configure:14905: result: yes
configure:14917: checking if g++ supports -c -o file.o
configure:14938: g++ -c -g -O2  -o out/conftest2.o conftest.cpp >&5
configure:14942: $? = 0
configure:14964: result: yes
configure:14969: checking if g++ supports -c -o file.o
configure:15016: result: yes
configure:15046: checking whether the g++ linker (/usr/bin/ld) supports shared libraries
configure:15085: result: yes
configure:15226: checking dynamic linker characteristics
configure:15905: result: GNU/Linux ld.so
configure:15958: checking how to hardcode library paths into programs
configure:15983: result: immediate
configure:16052: checking whether the C compiler accepts the -fvisibility=hidden flag
configure:16081: gcc -c -g -O2 -fvisibility=hidden  conftest.c >&5
configure:16081: $? = 0
configure:16104: result: yes
configure:16126: checking whether the C++ compiler accepts the -fvisibility=hidden flag
configure:16155: g++ -c -g -O2 -fvisibility=hidden  conftest.cpp >&5
configure:16155: $? = 0
configure:16178: result: yes
configure:16268: checking for pkg-config
configure:16286: found /usr/bin/pkg-config
configure:16298: result: /usr/bin/pkg-config
configure:16323: checking pkg-config is at least version 0.9.0
configure:16326: result: yes
configure:16336: checking for LIBUSB
configure:16343: $PKG_CONFIG --exists --print-errors "libusb"
configure:16346: $? = 0
configure:16360: $PKG_CONFIG --exists --print-errors "libusb"
configure:16363: $? = 0
configure:16401: result: yes
configure:16485: using BOOST library... no
configure:16599: checking for FUSE
configure:16606: $PKG_CONFIG --exists --print-errors "fuse >= 2.5"
Package fuse was not found in the pkg-config search path.
Perhaps you should add the directory containing `fuse.pc'
to the PKG_CONFIG_PATH environment variable
No package 'fuse' found
configure:16609: $? = 1
configure:16623: $PKG_CONFIG --exists --print-errors "fuse >= 2.5"
Package fuse was not found in the pkg-config search path.
Perhaps you should add the directory containing `fuse.pc'
to the PKG_CONFIG_PATH environment variable
No package 'fuse' found
configure:16626: $? = 1
configure:16640: result: no
No package 'fuse' found
configure:16688: checking for main in -lpthread
configure:16707: g++ -o conftest -g -O2   conftest.cpp -lpthread   >&5
configure:16707: $? = 0
configure:16716: result: yes
configure:16737: checking for crc32 in -lz
configure:16762: g++ -o conftest -g -O2   conftest.cpp -lz  -lpthread  >&5
configure:16762: $? = 0
configure:16771: result: yes
configure:16839: checking for ld used by GCC
configure:16903: result: /usr/bin/ld
configure:16910: checking if the linker (/usr/bin/ld) is GNU ld
configure:16923: result: yes
configure:16930: checking for shared library run path origin
configure:16943: result: done
configure:17522: checking for iconv
configure:17544: g++ -o conftest -g -O2   conftest.cpp -lpthread  >&5
configure:17544: $? = 0
configure:17576: result: yes
configure:17579: checking for working iconv
configure:17674: g++ -o conftest -g -O2   conftest.cpp -lpthread  >&5
configure:17674: $? = 0
configure:17674: ./conftest
configure:17674: $? = 0
configure:17686: result: yes
configure:17714: checking for iconv declaration
configure:17743: g++ -c -g -O2  conftest.cpp >&5
configure:17743: $? = 0
configure:17754: result:
         extern size_t iconv (iconv_t cd, char * *inbuf, size_t *inbytesleft, char * *outbuf, size_t *outbytesleft);
configure:17772: checking for dirent.h that defines DIR
configure:17791: g++ -c -g -O2  conftest.cpp >&5
configure:17791: $? = 0
configure:17799: result: yes
configure:17812: checking for library containing opendir
configure:17843: g++ -o conftest -g -O2   conftest.cpp -lpthread  >&5
configure:17843: $? = 0
configure:17860: result: none required
configure:17927: checking for ANSI C header files
configure:18031: result: yes
configure:18042: checking assert.h usability
configure:18042: g++ -c -g -O2  conftest.cpp >&5
configure:18042: $? = 0
configure:18042: result: yes
configure:18042: checking assert.h presence
configure:18042: g++ -E  conftest.cpp
configure:18042: $? = 0
configure:18042: result: yes
configure:18042: checking for assert.h
configure:18042: result: yes
configure:18042: checking for stdint.h
configure:18042: result: yes
configure:18042: checking time.h usability
configure:18042: g++ -c -g -O2  conftest.cpp >&5
configure:18042: $? = 0
configure:18042: result: yes
configure:18042: checking time.h presence
configure:18042: g++ -E  conftest.cpp
configure:18042: $? = 0
configure:18042: result: yes
configure:18042: checking for time.h
configure:18042: result: yes
configure:18057: checking whether time.h and sys/time.h may both be included
configure:18077: g++ -c -g -O2  conftest.cpp >&5
configure:18077: $? = 0
configure:18084: result: yes
configure:18092: checking whether struct tm is in sys/time.h or time.h
configure:18112: g++ -c -g -O2  conftest.cpp >&5
configure:18112: $? = 0
configure:18119: result: time.h
configure:18140: checking for working strnlen
configure:18178: gcc -o conftest -g -O2   conftest.c -lpthread  >&5
configure:18178: $? = 0
configure:18178: ./conftest
configure:18178: $? = 0
configure:18188: result: yes
configure:18215: checking whether closedir returns void
configure:18239: g++ -o conftest -g -O2   conftest.cpp -lpthread  >&5
configure:18239: $? = 0
configure:18239: ./conftest
configure:18239: $? = 0
configure:18249: result: no
configure:18258: checking whether gcc needs -traditional
configure:18292: result: no
configure:18305: checking sys/select.h usability
configure:18305: g++ -c -g -O2  conftest.cpp >&5
configure:18305: $? = 0
configure:18305: result: yes
configure:18305: checking sys/select.h presence
configure:18305: g++ -E  conftest.cpp
configure:18305: $? = 0
configure:18305: result: yes
configure:18305: checking for sys/select.h
configure:18305: result: yes
configure:18305: checking sys/socket.h usability
configure:18305: g++ -c -g -O2  conftest.cpp >&5
configure:18305: $? = 0
configure:18305: result: yes
configure:18305: checking sys/socket.h presence
configure:18305: g++ -E  conftest.cpp
configure:18305: $? = 0
configure:18305: result: yes
configure:18305: checking for sys/socket.h
configure:18305: result: yes
configure:18315: checking types of arguments for select
configure:18343: g++ -c -g -O2  conftest.cpp >&5
configure:18343: $? = 0
configure:18354: result: int,fd_set *,struct timeval *
configure:18382: checking for bzero
configure:18382: g++ -o conftest -g -O2   conftest.cpp -lpthread  >&5
configure:18382: $? = 0
configure:18382: result: yes
configure:18382: checking for gettimeofday
configure:18382: g++ -o conftest -g -O2   conftest.cpp -lpthread  >&5
configure:18382: $? = 0
configure:18382: result: yes
configure:18382: checking for memset
configure:18382: g++ -o conftest -g -O2   conftest.cpp -lpthread  >&5
configure:18382: $? = 0
configure:18382: result: yes
configure:18382: checking for select
configure:18382: g++ -o conftest -g -O2   conftest.cpp -lpthread  >&5
configure:18382: $? = 0
configure:18382: result: yes
configure:18382: checking for strcasecmp
configure:18382: g++ -o conftest -g -O2   conftest.cpp -lpthread  >&5
configure:18382: $? = 0
configure:18382: result: yes
configure:18382: checking for strchr
configure:18382: g++ -o conftest -g -O2   conftest.cpp -lpthread  >&5
configure:18382: $? = 0
configure:18382: result: yes
configure:18382: checking for strerror
configure:18382: g++ -o conftest -g -O2   conftest.cpp -lpthread  >&5
configure:18382: $? = 0
configure:18382: result: yes
configure:18382: checking for strtol
configure:18382: g++ -o conftest -g -O2   conftest.cpp -lpthread  >&5
configure:18382: $? = 0
configure:18382: result: yes
configure:18382: checking for strtoul
configure:18382: g++ -o conftest -g -O2   conftest.cpp -lpthread  >&5
configure:18382: $? = 0
configure:18382: result: yes
configure:18391: checking whether byte ordering is bigendian
configure:18406: g++ -c -g -O2  conftest.cpp >&5
conftest.cpp:54:9: error: expected unqualified-id before 'not' token
configure:18406: $? = 1
configure: failed program was:
| /* confdefs.h */
| #define PACKAGE_NAME "linberry"
| #define PACKAGE_TARNAME "linberry"
| #define PACKAGE_VERSION "0.16"
| #define PACKAGE_STRING "linberry 0.16"
| #define PACKAGE_BUGREPORT "linberry-devel@lists.sourceforge.net"
| #define PACKAGE_URL ""
| #define PACKAGE "linberry"
| #define VERSION "0.16"
| #define STDC_HEADERS 1
| #define HAVE_SYS_TYPES_H 1
| #define HAVE_SYS_STAT_H 1
| #define HAVE_STDLIB_H 1
| #define HAVE_STRING_H 1
| #define HAVE_MEMORY_H 1
| #define HAVE_STRINGS_H 1
| #define HAVE_INTTYPES_H 1
| #define HAVE_STDINT_H 1
| #define HAVE_UNISTD_H 1
| #define __EXTENSIONS__ 1
| #define _ALL_SOURCE 1
| #define _GNU_SOURCE 1
| #define _POSIX_PTHREAD_SEMANTICS 1
| #define _TANDEM_SOURCE 1
| #define HAVE_DLFCN_H 1
| #define LT_OBJDIR ".libs/"
| #define HAVE_LIBPTHREAD 1
| #define HAVE_ZLIB 1
| #define HAVE_ICONV 1
| #define ICONV_CONST 
| #define HAVE_DIRENT_H 1
| #define STDC_HEADERS 1
| #define HAVE_ASSERT_H 1
| #define HAVE_STDINT_H 1
| #define HAVE_TIME_H 1
| #define TIME_WITH_SYS_TIME 1
| #define HAVE_WORKING_STRNLEN 1
| #define HAVE_SYS_SELECT_H 1
| #define HAVE_SYS_SOCKET_H 1
| #define SELECT_TYPE_ARG1 int
| #define SELECT_TYPE_ARG234 (fd_set *)
| #define SELECT_TYPE_ARG5 (struct timeval *)
| #define HAVE_BZERO 1
| #define HAVE_GETTIMEOFDAY 1
| #define HAVE_MEMSET 1
| #define HAVE_SELECT 1
| #define HAVE_STRCASECMP 1
| #define HAVE_STRCHR 1
| #define HAVE_STRERROR 1
| #define HAVE_STRTOL 1
| #define HAVE_STRTOUL 1
| /* end confdefs.h.  */
| #ifndef __APPLE_CC__
| 	       not a universal capable compiler
| 	     #endif
| 	     typedef int dummy;
| 
configure:18451: g++ -c -g -O2  conftest.cpp >&5
configure:18451: $? = 0
configure:18469: g++ -c -g -O2  conftest.cpp >&5
conftest.cpp: In function 'int main()':
conftest.cpp:60:8: error: 'big' was not declared in this scope
conftest.cpp:60:12: error: expected ';' before 'endian'
configure:18469: $? = 1
configure: failed program was:
| /* confdefs.h */
| #define PACKAGE_NAME "linberry"
| #define PACKAGE_TARNAME "linberry"
| #define PACKAGE_VERSION "0.16"
| #define PACKAGE_STRING "linberry 0.16"
| #define PACKAGE_BUGREPORT "linberry-devel@lists.sourceforge.net"
| #define PACKAGE_URL ""
| #define PACKAGE "linberry"
| #define VERSION "0.16"
| #define STDC_HEADERS 1
| #define HAVE_SYS_TYPES_H 1
| #define HAVE_SYS_STAT_H 1
| #define HAVE_STDLIB_H 1
| #define HAVE_STRING_H 1
| #define HAVE_MEMORY_H 1
| #define HAVE_STRINGS_H 1
| #define HAVE_INTTYPES_H 1
| #define HAVE_STDINT_H 1
| #define HAVE_UNISTD_H 1
| #define __EXTENSIONS__ 1
| #define _ALL_SOURCE 1
| #define _GNU_SOURCE 1
| #define _POSIX_PTHREAD_SEMANTICS 1
| #define _TANDEM_SOURCE 1
| #define HAVE_DLFCN_H 1
| #define LT_OBJDIR ".libs/"
| #define HAVE_LIBPTHREAD 1
| #define HAVE_ZLIB 1
| #define HAVE_ICONV 1
| #define ICONV_CONST 
| #define HAVE_DIRENT_H 1
| #define STDC_HEADERS 1
| #define HAVE_ASSERT_H 1
| #define HAVE_STDINT_H 1
| #define HAVE_TIME_H 1
| #define TIME_WITH_SYS_TIME 1
| #define HAVE_WORKING_STRNLEN 1
| #define HAVE_SYS_SELECT_H 1
| #define HAVE_SYS_SOCKET_H 1
| #define SELECT_TYPE_ARG1 int
| #define SELECT_TYPE_ARG234 (fd_set *)
| #define SELECT_TYPE_ARG5 (struct timeval *)
| #define HAVE_BZERO 1
| #define HAVE_GETTIMEOFDAY 1
| #define HAVE_MEMSET 1
| #define HAVE_SELECT 1
| #define HAVE_STRCASECMP 1
| #define HAVE_STRCHR 1
| #define HAVE_STRERROR 1
| #define HAVE_STRTOL 1
| #define HAVE_STRTOUL 1
| /* end confdefs.h.  */
| #include <sys/types.h>
| 		#include <sys/param.h>
| 
| int
| main ()
| {
| #if BYTE_ORDER != BIG_ENDIAN
| 		 not big endian
| 		#endif
| 
|   ;
|   return 0;
| }
configure:18597: result: no
configure:18808: creating ./config.status

## ---------------------- ##
## Running config.status. ##
## ---------------------- ##

This file was extended by linberry config.status 0.16, which was
generated by GNU Autoconf 2.68.  Invocation command line was

  CONFIG_FILES    = 
  CONFIG_HEADERS  = 
  CONFIG_LINKS    = 
  CONFIG_COMMANDS = 
  $ ./config.status 

on puntoazul

config.status:1209: creating Makefile
config.status:1209: creating src/Makefile
config.status:1209: creating tools/Makefile
config.status:1209: creating examples/Makefile
config.status:1209: creating man/Makefile
config.status:1209: creating liblinberry-0.pc
config.status:1209: creating liblinberrydp-0.pc
config.status:1209: creating liblinberryjdwp-0.pc
config.status:1209: creating config.h
config.status:1390: config.h is unchanged
config.status:1438: executing depfiles commands
config.status:1438: executing libtool commands
configure:21384: === configuring in gui (/home/israel/Descargas/linberry/Source/linberrylibs/gui)
configure:21447: running /bin/bash ./configure --disable-option-checking '--prefix=/usr/local'  '--enable-gui' --cache-file=/dev/null --srcdir=.

## ---------------- ##
## Cache variables. ##
## ---------------- ##

ac_cv_build=i686-pc-linux-gnu
ac_cv_c_bigendian=no
ac_cv_c_compiler_gnu=yes
ac_cv_cxx_compiler_gnu=yes
ac_cv_env_CCC_set=
ac_cv_env_CCC_value=
ac_cv_env_CC_set=
ac_cv_env_CC_value=
ac_cv_env_CFLAGS_set=
ac_cv_env_CFLAGS_value=
ac_cv_env_CPPFLAGS_set=
ac_cv_env_CPPFLAGS_value=
ac_cv_env_CPP_set=
ac_cv_env_CPP_value=
ac_cv_env_CXXCPP_set=
ac_cv_env_CXXCPP_value=
ac_cv_env_CXXFLAGS_set=
ac_cv_env_CXXFLAGS_value=
ac_cv_env_CXX_set=
ac_cv_env_CXX_value=
ac_cv_env_FUSE_CFLAGS_set=
ac_cv_env_FUSE_CFLAGS_value=
ac_cv_env_FUSE_LIBS_set=
ac_cv_env_FUSE_LIBS_value=
ac_cv_env_LDFLAGS_set=
ac_cv_env_LDFLAGS_value=
ac_cv_env_LIBS_set=
ac_cv_env_LIBS_value=
ac_cv_env_LIBUSB_CFLAGS_set=
ac_cv_env_LIBUSB_CFLAGS_value=
ac_cv_env_LIBUSB_LIBS_set=
ac_cv_env_LIBUSB_LIBS_value=
ac_cv_env_PKG_CONFIG_LIBDIR_set=
ac_cv_env_PKG_CONFIG_LIBDIR_value=
ac_cv_env_PKG_CONFIG_PATH_set=
ac_cv_env_PKG_CONFIG_PATH_value=
ac_cv_env_PKG_CONFIG_set=
ac_cv_env_PKG_CONFIG_value=
ac_cv_env_ZLIB_LIBS_set=
ac_cv_env_ZLIB_LIBS_value=
ac_cv_env_build_alias_set=
ac_cv_env_build_alias_value=
ac_cv_env_host_alias_set=
ac_cv_env_host_alias_value=
ac_cv_env_target_alias_set=
ac_cv_env_target_alias_value=
ac_cv_func_bzero=yes
ac_cv_func_closedir_void=no
ac_cv_func_gettimeofday=yes
ac_cv_func_memset=yes
ac_cv_func_select=yes
ac_cv_func_select_args='int,fd_set *,struct timeval *'
ac_cv_func_strcasecmp=yes
ac_cv_func_strchr=yes
ac_cv_func_strerror=yes
ac_cv_func_strnlen_working=yes
ac_cv_func_strtol=yes
ac_cv_func_strtoul=yes
ac_cv_header_assert_h=yes
ac_cv_header_dirent_dirent_h=yes
ac_cv_header_dlfcn_h=yes
ac_cv_header_inttypes_h=yes
ac_cv_header_memory_h=yes
ac_cv_header_minix_config_h=no
ac_cv_header_stdc=yes
ac_cv_header_stdint_h=yes
ac_cv_header_stdlib_h=yes
ac_cv_header_string_h=yes
ac_cv_header_strings_h=yes
ac_cv_header_sys_select_h=yes
ac_cv_header_sys_socket_h=yes
ac_cv_header_sys_stat_h=yes
ac_cv_header_sys_types_h=yes
ac_cv_header_time=yes
ac_cv_header_time_h=yes
ac_cv_header_unistd_h=yes
ac_cv_host=i686-pc-linux-gnu
ac_cv_lib_pthread_main=yes
ac_cv_lib_z_crc32=yes
ac_cv_objext=o
ac_cv_path_EGREP='/bin/grep -E'
ac_cv_path_FGREP='/bin/grep -F'
ac_cv_path_GREP=/bin/grep
ac_cv_path_SED=/bin/sed
ac_cv_path_ac_pt_PKG_CONFIG=/usr/bin/pkg-config
ac_cv_path_install='/usr/bin/install -c'
ac_cv_path_mkdir=/bin/mkdir
ac_cv_prog_AWK=gawk
ac_cv_prog_CPP='gcc -E'
ac_cv_prog_CXXCPP='g++ -E'
ac_cv_prog_ac_ct_AR=ar
ac_cv_prog_ac_ct_CC=gcc
ac_cv_prog_ac_ct_CXX=g++
ac_cv_prog_ac_ct_MANIFEST_TOOL=mt
ac_cv_prog_ac_ct_OBJDUMP=objdump
ac_cv_prog_ac_ct_RANLIB=ranlib
ac_cv_prog_ac_ct_STRIP=strip
ac_cv_prog_cc_c89=
ac_cv_prog_cc_g=yes
ac_cv_prog_cxx_g=yes
ac_cv_prog_gcc_traditional=no
ac_cv_prog_make_make_set=yes
ac_cv_safe_to_define___extensions__=yes
ac_cv_search_opendir='none required'
ac_cv_struct_tm=time.h
acl_cv_hardcode_direct=no
acl_cv_hardcode_libdir_flag_spec='${wl}-rpath ${wl}$libdir'
acl_cv_hardcode_libdir_separator=
acl_cv_hardcode_minus_L=no
acl_cv_libext=a
acl_cv_libname_spec='lib$name'
acl_cv_library_names_spec='$libname$shrext'
acl_cv_path_LD=/usr/bin/ld
acl_cv_prog_gnu_ld=yes
acl_cv_rpath=done
acl_cv_shlibext=so
acl_cv_wl=-Wl,
am_cv_CC_dependencies_compiler_type=gcc3
am_cv_CXX_dependencies_compiler_type=gcc3
am_cv_func_iconv=yes
am_cv_func_iconv_works=yes
am_cv_lib_iconv=no
am_cv_proto_iconv='extern size_t iconv (iconv_t cd, char * *inbuf, size_t *inbytesleft, char * *outbuf, size_t *outbytesleft);'
am_cv_proto_iconv_arg1=
ax_cv_c_check_flag__fvisibility_hidden=yes
ax_cv_cxx_check_flag__fvisibility_hidden=yes
lt_cv_ar_at_file=@
lt_cv_archive_cmds_need_lc=no
lt_cv_deplibs_check_method=pass_all
lt_cv_file_magic_cmd='$MAGIC_CMD'
lt_cv_file_magic_test_file=
lt_cv_ld_reload_flag=-r
lt_cv_nm_interface='BSD nm'
lt_cv_objdir=.libs
lt_cv_path_LD=/usr/bin/ld
lt_cv_path_LDCXX=/usr/bin/ld
lt_cv_path_NM='/usr/bin/nm -B'
lt_cv_path_mainfest_tool=no
lt_cv_prog_compiler_c_o=yes
lt_cv_prog_compiler_c_o_CXX=yes
lt_cv_prog_compiler_pic='-fPIC -DPIC'
lt_cv_prog_compiler_pic_CXX='-fPIC -DPIC'
lt_cv_prog_compiler_pic_works=yes
lt_cv_prog_compiler_pic_works_CXX=yes
lt_cv_prog_compiler_rtti_exceptions=no
lt_cv_prog_compiler_static_works=yes
lt_cv_prog_compiler_static_works_CXX=yes
lt_cv_prog_gnu_ld=yes
lt_cv_prog_gnu_ldcxx=yes
lt_cv_sharedlib_from_linklib_cmd='printf %s\n'
lt_cv_shlibpath_overrides_runpath=no
lt_cv_sys_global_symbol_pipe='sed -n -e '\''s/^.*[	 ]\([ABCDGIRSTW][ABCDGIRSTW]*\)[	 ][	 ]*\([_A-Za-z][_A-Za-z0-9]*\)$/\1 \2 \2/p'\'' | sed '\''/ __gnu_lto/d'\'''
lt_cv_sys_global_symbol_to_c_name_address='sed -n -e '\''s/^: \([^ ]*\)[ ]*$/  {\"\1\", (void *) 0},/p'\'' -e '\''s/^[ABCDGIRSTW]* \([^ ]*\) \([^ ]*\)$/  {"\2", (void *) \&\2},/p'\'''
lt_cv_sys_global_symbol_to_c_name_address_lib_prefix='sed -n -e '\''s/^: \([^ ]*\)[ ]*$/  {\"\1\", (void *) 0},/p'\'' -e '\''s/^[ABCDGIRSTW]* \([^ ]*\) \(lib[^ ]*\)$/  {"\2", (void *) \&\2},/p'\'' -e '\''s/^[ABCDGIRSTW]* \([^ ]*\) \([^ ]*\)$/  {"lib\2", (void *) \&\2},/p'\'''
lt_cv_sys_global_symbol_to_cdecl='sed -n -e '\''s/^T .* \(.*\)$/extern int \1();/p'\'' -e '\''s/^[ABCDGIRSTW]* .* \(.*\)$/extern char \1;/p'\'''
lt_cv_sys_max_cmd_len=1572864
lt_cv_to_host_file_cmd=func_convert_file_noop
lt_cv_to_tool_file_cmd=func_convert_file_noop
pkg_cv_LIBUSB_CFLAGS=' '
pkg_cv_LIBUSB_LIBS='-lusb  '

## ----------------- ##
## Output variables. ##
## ----------------- ##

ACLOCAL='${SHELL} /home/israel/Descargas/linberry/Source/linberrylibs/missing --run aclocal-1.11'
AMDEPBACKSLASH='\'
AMDEP_FALSE='#'
AMDEP_TRUE=''
AMTAR='$${TAR-tar}'
AR='ar'
AUTOCONF='${SHELL} /home/israel/Descargas/linberry/Source/linberrylibs/missing --run autoconf'
AUTOHEADER='${SHELL} /home/israel/Descargas/linberry/Source/linberrylibs/missing --run autoheader'
AUTOMAKE='${SHELL} /home/israel/Descargas/linberry/Source/linberrylibs/missing --run automake-1.11'
AWK='gawk'
BOOST_INC_PATH=''
BOOST_LDADD=''
BOOST_LIB_PATH=''
CC='gcc'
CCDEPMODE='depmode=gcc3'
CFLAGS='-g -O2'
CPP='gcc -E'
CPPFLAGS=''
CXX='g++'
CXXCPP='g++ -E'
CXXDEPMODE='depmode=gcc3'
CXXFLAGS='-g -O2'
CYGPATH_W='echo'
DEFS='-DHAVE_CONFIG_H'
DEPDIR='.deps'
DLLTOOL='false'
DSYMUTIL=''
DUMPBIN=''
ECHO_C=''
ECHO_N='-n'
ECHO_T=''
EGREP='/bin/grep -E'
EXEEXT=''
FGREP='/bin/grep -F'
FUSE_CFLAGS=''
FUSE_LIBS=''
GREP='/bin/grep'
INSTALL_DATA='${INSTALL} -m 644'
INSTALL_PROGRAM='${INSTALL}'
INSTALL_SCRIPT='${INSTALL}'
INSTALL_STRIP_PROGRAM='$(install_sh) -c -s'
LD='/usr/bin/ld'
LDFLAGS=''
LIBICONV=''
LIBOBJS=''
LIBS='-lpthread '
LIBTOOL='$(SHELL) $(top_builddir)/libtool'
LIBUSB_CFLAGS=' '
LIBUSB_LIBS='-lusb  '
LIPO=''
LN_S='ln -s'
LTLIBICONV=''
LTLIBOBJS=''
MAKEINFO='${SHELL} /home/israel/Descargas/linberry/Source/linberrylibs/missing --run makeinfo'
MANIFEST_TOOL=':'
MKDIR_P='/bin/mkdir -p'
NM='/usr/bin/nm -B'
NMEDIT=''
OBJDUMP='objdump'
OBJEXT='o'
OTOOL64=''
OTOOL=''
PACKAGE='linberry'
PACKAGE_BUGREPORT='linberry-devel@lists.sourceforge.net'
PACKAGE_NAME='linberry'
PACKAGE_STRING='linberry 0.16'
PACKAGE_TARNAME='linberry'
PACKAGE_URL=''
PACKAGE_VERSION='0.16'
PATH_SEPARATOR=':'
PKG_CONFIG='/usr/bin/pkg-config'
PKG_CONFIG_LIBDIR=''
PKG_CONFIG_PATH='/home/israel/Descargas/linberry/Source/linberrylibs:'
RANLIB='ranlib'
SED='/bin/sed'
SET_MAKE=''
SHELL='/bin/bash'
STRIP='strip'
VERSION='0.16'
WITH_BOOST_FALSE=''
WITH_BOOST_TRUE='#'
WITH_FUSE_FALSE=''
WITH_FUSE_TRUE='#'
WITH_GCCVISIBILITY_FALSE='#'
WITH_GCCVISIBILITY_TRUE=''
ZLIB_LIBS='-lz'
ac_ct_AR='ar'
ac_ct_CC='gcc'
ac_ct_CXX='g++'
ac_ct_DUMPBIN=''
am__EXEEXT_FALSE=''
am__EXEEXT_TRUE='#'
am__fastdepCC_FALSE='#'
am__fastdepCC_TRUE=''
am__fastdepCXX_FALSE='#'
am__fastdepCXX_TRUE=''
am__include='include'
am__isrc=''
am__leading_dot='.'
am__nodep='_no'
am__quote=''
am__tar='$${TAR-tar} chof - "$$tardir"'
am__untar='$${TAR-tar} xf -'
bindir='${exec_prefix}/bin'
build='i686-pc-linux-gnu'
build_alias=''
build_cpu='i686'
build_os='linux-gnu'
build_vendor='pc'
datadir='${datarootdir}'
datarootdir='${prefix}/share'
docdir='${datarootdir}/doc/${PACKAGE_TARNAME}'
dvidir='${docdir}'
exec_prefix='${prefix}'
host='i686-pc-linux-gnu'
host_alias=''
host_cpu='i686'
host_os='linux-gnu'
host_vendor='pc'
htmldir='${docdir}'
includedir='${prefix}/include'
infodir='${datarootdir}/info'
install_sh='${SHELL} /home/israel/Descargas/linberry/Source/linberrylibs/install-sh'
libdir='${exec_prefix}/lib'
libexecdir='${exec_prefix}/libexec'
localedir='${datarootdir}/locale'
localstatedir='${prefix}/var'
mandir='${datarootdir}/man'
mkdir_p='/bin/mkdir -p'
oldincludedir='/usr/include'
pdfdir='${docdir}'
pkgconfigdir='${exec_prefix}/lib/pkgconfig'
prefix='/usr/local'
program_transform_name='s,x,x,'
psdir='${docdir}'
sbindir='${exec_prefix}/sbin'
sharedstatedir='${prefix}/com'
subdirs=' gui'
sysconfdir='${prefix}/etc'
target_alias=''

## ----------- ##
## confdefs.h. ##
## ----------- ##

/* confdefs.h */
#define PACKAGE_NAME "linberry"
#define PACKAGE_TARNAME "linberry"
#define PACKAGE_VERSION "0.16"
#define PACKAGE_STRING "linberry 0.16"
#define PACKAGE_BUGREPORT "linberry-devel@lists.sourceforge.net"
#define PACKAGE_URL ""
#define PACKAGE "linberry"
#define VERSION "0.16"
#define STDC_HEADERS 1
#define HAVE_SYS_TYPES_H 1
#define HAVE_SYS_STAT_H 1
#define HAVE_STDLIB_H 1
#define HAVE_STRING_H 1
#define HAVE_MEMORY_H 1
#define HAVE_STRINGS_H 1
#define HAVE_INTTYPES_H 1
#define HAVE_STDINT_H 1
#define HAVE_UNISTD_H 1
#define __EXTENSIONS__ 1
#define _ALL_SOURCE 1
#define _GNU_SOURCE 1
#define _POSIX_PTHREAD_SEMANTICS 1
#define _TANDEM_SOURCE 1
#define HAVE_DLFCN_H 1
#define LT_OBJDIR ".libs/"
#define HAVE_LIBPTHREAD 1
#define HAVE_ZLIB 1
#define HAVE_ICONV 1
#define ICONV_CONST 
#define HAVE_DIRENT_H 1
#define STDC_HEADERS 1
#define HAVE_ASSERT_H 1
#define HAVE_STDINT_H 1
#define HAVE_TIME_H 1
#define TIME_WITH_SYS_TIME 1
#define HAVE_WORKING_STRNLEN 1
#define HAVE_SYS_SELECT_H 1
#define HAVE_SYS_SOCKET_H 1
#define SELECT_TYPE_ARG1 int
#define SELECT_TYPE_ARG234 (fd_set *)
#define SELECT_TYPE_ARG5 (struct timeval *)
#define HAVE_BZERO 1
#define HAVE_GETTIMEOFDAY 1
#define HAVE_MEMSET 1
#define HAVE_SELECT 1
#define HAVE_STRCASECMP 1
#define HAVE_STRCHR 1
#define HAVE_STRERROR 1
#define HAVE_STRTOL 1
#define HAVE_STRTOUL 1

configure: exit 0
